[0.055s] DEBUG:colcon:Command line arguments: ['/usr/bin/colcon', 'build']
[0.055s] DEBUG:colcon:Parsed command line arguments: Namespace(log_base=None, log_level=None, verb_name='build', build_base='build', install_base='install', merge_install=False, symlink_install=False, test_result_base=None, continue_on_error=False, executor='parallel', parallel_workers=20, event_handlers=None, ignore_user_meta=False, metas=['./colcon.meta'], base_paths=['.'], packages_ignore=None, packages_ignore_regex=None, paths=None, packages_up_to=None, packages_up_to_regex=None, packages_above=None, packages_above_and_dependencies=None, packages_above_depth=None, packages_select_by_dep=None, packages_skip_by_dep=None, packages_skip_up_to=None, packages_select_build_failed=False, packages_skip_build_finished=False, packages_select_test_failures=False, packages_skip_test_passed=False, packages_select=None, packages_skip=None, packages_select_regex=None, packages_skip_regex=None, packages_start=None, packages_end=None, allow_overriding=[], cmake_args=None, cmake_target=None, cmake_target_skip_unavailable=False, cmake_clean_cache=False, cmake_clean_first=False, cmake_force_configure=False, ament_cmake_args=None, catkin_cmake_args=None, catkin_skip_building_tests=False, verb_parser=<colcon_defaults.argument_parser.defaults.DefaultArgumentsDecorator object at 0x76564643b5b0>, verb_extension=<colcon_core.verb.build.BuildVerb object at 0x76564643b100>, main=<bound method BuildVerb.main of <colcon_core.verb.build.BuildVerb object at 0x76564643b100>>)
[0.136s] Level 1:colcon.colcon_core.package_discovery:discover_packages(colcon_meta) check parameters
[0.136s] Level 1:colcon.colcon_core.package_discovery:discover_packages(recursive) check parameters
[0.136s] Level 1:colcon.colcon_core.package_discovery:discover_packages(ignore) check parameters
[0.136s] Level 1:colcon.colcon_core.package_discovery:discover_packages(path) check parameters
[0.136s] Level 1:colcon.colcon_core.package_discovery:discover_packages(colcon_meta) discover
[0.136s] Level 1:colcon.colcon_core.package_discovery:discover_packages(recursive) discover
[0.136s] INFO:colcon.colcon_core.package_discovery:Crawling recursively for packages in '/workspace/farm_car_system'
[0.136s] Level 1:colcon.colcon_core.package_identification:_identify(.) by extensions ['ignore', 'ignore_ament_install']
[0.136s] Level 1:colcon.colcon_core.package_identification:_identify(.) by extension 'ignore'
[0.136s] Level 1:colcon.colcon_core.package_identification:_identify(.) by extension 'ignore_ament_install'
[0.137s] Level 1:colcon.colcon_core.package_identification:_identify(.) by extensions ['colcon_pkg']
[0.137s] Level 1:colcon.colcon_core.package_identification:_identify(.) by extension 'colcon_pkg'
[0.137s] Level 1:colcon.colcon_core.package_identification:_identify(.) by extensions ['colcon_meta']
[0.137s] Level 1:colcon.colcon_core.package_identification:_identify(.) by extension 'colcon_meta'
[0.137s] Level 1:colcon.colcon_core.package_identification:_identify(.) by extensions ['ros']
[0.137s] Level 1:colcon.colcon_core.package_identification:_identify(.) by extension 'ros'
[0.143s] Level 1:colcon.colcon_core.package_identification:_identify(.) by extensions ['cmake', 'python']
[0.143s] Level 1:colcon.colcon_core.package_identification:_identify(.) by extension 'cmake'
[0.143s] Level 1:colcon.colcon_core.package_identification:_identify(.) by extension 'python'
[0.143s] Level 1:colcon.colcon_core.package_identification:_identify(.) by extensions ['python_setup_py']
[0.143s] Level 1:colcon.colcon_core.package_identification:_identify(.) by extension 'python_setup_py'
[0.143s] Level 1:colcon.colcon_core.package_identification:_identify(build) by extensions ['ignore', 'ignore_ament_install']
[0.143s] Level 1:colcon.colcon_core.package_identification:_identify(build) by extension 'ignore'
[0.143s] Level 1:colcon.colcon_core.package_identification:_identify(build) ignored
[0.143s] Level 1:colcon.colcon_core.package_identification:_identify(install) by extensions ['ignore', 'ignore_ament_install']
[0.143s] Level 1:colcon.colcon_core.package_identification:_identify(install) by extension 'ignore'
[0.143s] Level 1:colcon.colcon_core.package_identification:_identify(install) ignored
[0.143s] Level 1:colcon.colcon_core.package_identification:_identify(log) by extensions ['ignore', 'ignore_ament_install']
[0.143s] Level 1:colcon.colcon_core.package_identification:_identify(log) by extension 'ignore'
[0.143s] Level 1:colcon.colcon_core.package_identification:_identify(log) ignored
[0.143s] Level 1:colcon.colcon_core.package_identification:_identify(src) by extensions ['ignore', 'ignore_ament_install']
[0.144s] Level 1:colcon.colcon_core.package_identification:_identify(src) by extension 'ignore'
[0.144s] Level 1:colcon.colcon_core.package_identification:_identify(src) by extension 'ignore_ament_install'
[0.144s] Level 1:colcon.colcon_core.package_identification:_identify(src) by extensions ['colcon_pkg']
[0.144s] Level 1:colcon.colcon_core.package_identification:_identify(src) by extension 'colcon_pkg'
[0.144s] Level 1:colcon.colcon_core.package_identification:_identify(src) by extensions ['colcon_meta']
[0.144s] Level 1:colcon.colcon_core.package_identification:_identify(src) by extension 'colcon_meta'
[0.144s] Level 1:colcon.colcon_core.package_identification:_identify(src) by extensions ['ros']
[0.144s] Level 1:colcon.colcon_core.package_identification:_identify(src) by extension 'ros'
[0.144s] Level 1:colcon.colcon_core.package_identification:_identify(src) by extensions ['cmake', 'python']
[0.144s] Level 1:colcon.colcon_core.package_identification:_identify(src) by extension 'cmake'
[0.144s] Level 1:colcon.colcon_core.package_identification:_identify(src) by extension 'python'
[0.144s] Level 1:colcon.colcon_core.package_identification:_identify(src) by extensions ['python_setup_py']
[0.144s] Level 1:colcon.colcon_core.package_identification:_identify(src) by extension 'python_setup_py'
[0.144s] Level 1:colcon.colcon_core.package_identification:_identify(src/obs_filiter) by extensions ['ignore', 'ignore_ament_install']
[0.144s] Level 1:colcon.colcon_core.package_identification:_identify(src/obs_filiter) by extension 'ignore'
[0.144s] Level 1:colcon.colcon_core.package_identification:_identify(src/obs_filiter) by extension 'ignore_ament_install'
[0.144s] Level 1:colcon.colcon_core.package_identification:_identify(src/obs_filiter) by extensions ['colcon_pkg']
[0.144s] Level 1:colcon.colcon_core.package_identification:_identify(src/obs_filiter) by extension 'colcon_pkg'
[0.144s] Level 1:colcon.colcon_core.package_identification:_identify(src/obs_filiter) by extensions ['colcon_meta']
[0.144s] Level 1:colcon.colcon_core.package_identification:_identify(src/obs_filiter) by extension 'colcon_meta'
[0.144s] Level 1:colcon.colcon_core.package_identification:_identify(src/obs_filiter) by extensions ['ros']
[0.144s] Level 1:colcon.colcon_core.package_identification:_identify(src/obs_filiter) by extension 'ros'
[0.146s] DEBUG:colcon.colcon_core.package_identification:Package 'src/obs_filiter' with type 'ros.ament_cmake' and name 'obs_filiter'
[0.146s] Level 1:colcon.colcon_core.package_identification:_identify(src/pyqt5) by extensions ['ignore', 'ignore_ament_install']
[0.146s] Level 1:colcon.colcon_core.package_identification:_identify(src/pyqt5) by extension 'ignore'
[0.146s] Level 1:colcon.colcon_core.package_identification:_identify(src/pyqt5) by extension 'ignore_ament_install'
[0.146s] Level 1:colcon.colcon_core.package_identification:_identify(src/pyqt5) by extensions ['colcon_pkg']
[0.146s] Level 1:colcon.colcon_core.package_identification:_identify(src/pyqt5) by extension 'colcon_pkg'
[0.146s] Level 1:colcon.colcon_core.package_identification:_identify(src/pyqt5) by extensions ['colcon_meta']
[0.146s] Level 1:colcon.colcon_core.package_identification:_identify(src/pyqt5) by extension 'colcon_meta'
[0.146s] Level 1:colcon.colcon_core.package_identification:_identify(src/pyqt5) by extensions ['ros']
[0.146s] Level 1:colcon.colcon_core.package_identification:_identify(src/pyqt5) by extension 'ros'
[0.146s] Level 1:colcon.colcon_core.package_identification:_identify(src/pyqt5) by extensions ['cmake', 'python']
[0.146s] Level 1:colcon.colcon_core.package_identification:_identify(src/pyqt5) by extension 'cmake'
[0.146s] Level 1:colcon.colcon_core.package_identification:_identify(src/pyqt5) by extension 'python'
[0.146s] Level 1:colcon.colcon_core.package_identification:_identify(src/pyqt5) by extensions ['python_setup_py']
[0.146s] Level 1:colcon.colcon_core.package_identification:_identify(src/pyqt5) by extension 'python_setup_py'
[0.146s] Level 1:colcon.colcon_core.package_identification:_identify(src/realsense) by extensions ['ignore', 'ignore_ament_install']
[0.146s] Level 1:colcon.colcon_core.package_identification:_identify(src/realsense) by extension 'ignore'
[0.146s] Level 1:colcon.colcon_core.package_identification:_identify(src/realsense) by extension 'ignore_ament_install'
[0.146s] Level 1:colcon.colcon_core.package_identification:_identify(src/realsense) by extensions ['colcon_pkg']
[0.146s] Level 1:colcon.colcon_core.package_identification:_identify(src/realsense) by extension 'colcon_pkg'
[0.146s] Level 1:colcon.colcon_core.package_identification:_identify(src/realsense) by extensions ['colcon_meta']
[0.146s] Level 1:colcon.colcon_core.package_identification:_identify(src/realsense) by extension 'colcon_meta'
[0.146s] Level 1:colcon.colcon_core.package_identification:_identify(src/realsense) by extensions ['ros']
[0.146s] Level 1:colcon.colcon_core.package_identification:_identify(src/realsense) by extension 'ros'
[0.146s] DEBUG:colcon.colcon_core.package_identification:Package 'src/realsense' with type 'ros.ament_python' and name 'realsense'
[0.146s] Level 1:colcon.colcon_core.package_identification:_identify(src/record) by extensions ['ignore', 'ignore_ament_install']
[0.146s] Level 1:colcon.colcon_core.package_identification:_identify(src/record) by extension 'ignore'
[0.147s] Level 1:colcon.colcon_core.package_identification:_identify(src/record) by extension 'ignore_ament_install'
[0.147s] Level 1:colcon.colcon_core.package_identification:_identify(src/record) by extensions ['colcon_pkg']
[0.147s] Level 1:colcon.colcon_core.package_identification:_identify(src/record) by extension 'colcon_pkg'
[0.147s] Level 1:colcon.colcon_core.package_identification:_identify(src/record) by extensions ['colcon_meta']
[0.147s] Level 1:colcon.colcon_core.package_identification:_identify(src/record) by extension 'colcon_meta'
[0.147s] Level 1:colcon.colcon_core.package_identification:_identify(src/record) by extensions ['ros']
[0.147s] Level 1:colcon.colcon_core.package_identification:_identify(src/record) by extension 'ros'
[0.147s] DEBUG:colcon.colcon_core.package_identification:Package 'src/record' with type 'ros.ament_python' and name 'record'
[0.147s] Level 1:colcon.colcon_core.package_identification:_identify(src/track) by extensions ['ignore', 'ignore_ament_install']
[0.147s] Level 1:colcon.colcon_core.package_identification:_identify(src/track) by extension 'ignore'
[0.147s] Level 1:colcon.colcon_core.package_identification:_identify(src/track) by extension 'ignore_ament_install'
[0.147s] Level 1:colcon.colcon_core.package_identification:_identify(src/track) by extensions ['colcon_pkg']
[0.147s] Level 1:colcon.colcon_core.package_identification:_identify(src/track) by extension 'colcon_pkg'
[0.147s] Level 1:colcon.colcon_core.package_identification:_identify(src/track) by extensions ['colcon_meta']
[0.147s] Level 1:colcon.colcon_core.package_identification:_identify(src/track) by extension 'colcon_meta'
[0.147s] Level 1:colcon.colcon_core.package_identification:_identify(src/track) by extensions ['ros']
[0.147s] Level 1:colcon.colcon_core.package_identification:_identify(src/track) by extension 'ros'
[0.147s] DEBUG:colcon.colcon_core.package_identification:Package 'src/track' with type 'ros.ament_python' and name 'track'
[0.147s] Level 1:colcon.colcon_core.package_discovery:discover_packages(recursive) using defaults
[0.147s] Level 1:colcon.colcon_core.package_discovery:discover_packages(ignore) discover
[0.147s] Level 1:colcon.colcon_core.package_discovery:discover_packages(ignore) using defaults
[0.147s] Level 1:colcon.colcon_core.package_discovery:discover_packages(path) discover
[0.147s] Level 1:colcon.colcon_core.package_discovery:discover_packages(path) using defaults
[0.165s] Level 1:colcon.colcon_core.package_discovery:discover_packages(prefix_path) check parameters
[0.165s] Level 1:colcon.colcon_core.package_discovery:discover_packages(prefix_path) discover
[0.166s] DEBUG:colcon.colcon_installed_package_information.package_discovery:Found 267 installed packages in /opt/ros/humble
[0.167s] Level 1:colcon.colcon_core.package_discovery:discover_packages(prefix_path) using defaults
[0.183s] Level 5:colcon.colcon_core.verb:set package 'obs_filiter' build argument 'cmake_args' from command line to 'None'
[0.183s] Level 5:colcon.colcon_core.verb:set package 'obs_filiter' build argument 'cmake_target' from command line to 'None'
[0.183s] Level 5:colcon.colcon_core.verb:set package 'obs_filiter' build argument 'cmake_target_skip_unavailable' from command line to 'False'
[0.183s] Level 5:colcon.colcon_core.verb:set package 'obs_filiter' build argument 'cmake_clean_cache' from command line to 'False'
[0.183s] Level 5:colcon.colcon_core.verb:set package 'obs_filiter' build argument 'cmake_clean_first' from command line to 'False'
[0.183s] Level 5:colcon.colcon_core.verb:set package 'obs_filiter' build argument 'cmake_force_configure' from command line to 'False'
[0.183s] Level 5:colcon.colcon_core.verb:set package 'obs_filiter' build argument 'ament_cmake_args' from command line to 'None'
[0.183s] Level 5:colcon.colcon_core.verb:set package 'obs_filiter' build argument 'catkin_cmake_args' from command line to 'None'
[0.183s] Level 5:colcon.colcon_core.verb:set package 'obs_filiter' build argument 'catkin_skip_building_tests' from command line to 'False'
[0.183s] DEBUG:colcon.colcon_core.verb:Building package 'obs_filiter' with the following arguments: {'ament_cmake_args': None, 'build_base': '/workspace/farm_car_system/build/obs_filiter', 'catkin_cmake_args': None, 'catkin_skip_building_tests': False, 'cmake_args': None, 'cmake_clean_cache': False, 'cmake_clean_first': False, 'cmake_force_configure': False, 'cmake_target': None, 'cmake_target_skip_unavailable': False, 'install_base': '/workspace/farm_car_system/install/obs_filiter', 'merge_install': False, 'path': '/workspace/farm_car_system/src/obs_filiter', 'symlink_install': False, 'test_result_base': None}
[0.184s] Level 5:colcon.colcon_core.verb:set package 'realsense' build argument 'cmake_args' from command line to 'None'
[0.184s] Level 5:colcon.colcon_core.verb:set package 'realsense' build argument 'cmake_target' from command line to 'None'
[0.184s] Level 5:colcon.colcon_core.verb:set package 'realsense' build argument 'cmake_target_skip_unavailable' from command line to 'False'
[0.184s] Level 5:colcon.colcon_core.verb:set package 'realsense' build argument 'cmake_clean_cache' from command line to 'False'
[0.184s] Level 5:colcon.colcon_core.verb:set package 'realsense' build argument 'cmake_clean_first' from command line to 'False'
[0.184s] Level 5:colcon.colcon_core.verb:set package 'realsense' build argument 'cmake_force_configure' from command line to 'False'
[0.184s] Level 5:colcon.colcon_core.verb:set package 'realsense' build argument 'ament_cmake_args' from command line to 'None'
[0.184s] Level 5:colcon.colcon_core.verb:set package 'realsense' build argument 'catkin_cmake_args' from command line to 'None'
[0.184s] Level 5:colcon.colcon_core.verb:set package 'realsense' build argument 'catkin_skip_building_tests' from command line to 'False'
[0.184s] DEBUG:colcon.colcon_core.verb:Building package 'realsense' with the following arguments: {'ament_cmake_args': None, 'build_base': '/workspace/farm_car_system/build/realsense', 'catkin_cmake_args': None, 'catkin_skip_building_tests': False, 'cmake_args': None, 'cmake_clean_cache': False, 'cmake_clean_first': False, 'cmake_force_configure': False, 'cmake_target': None, 'cmake_target_skip_unavailable': False, 'install_base': '/workspace/farm_car_system/install/realsense', 'merge_install': False, 'path': '/workspace/farm_car_system/src/realsense', 'symlink_install': False, 'test_result_base': None}
[0.184s] Level 5:colcon.colcon_core.verb:set package 'record' build argument 'cmake_args' from command line to 'None'
[0.184s] Level 5:colcon.colcon_core.verb:set package 'record' build argument 'cmake_target' from command line to 'None'
[0.184s] Level 5:colcon.colcon_core.verb:set package 'record' build argument 'cmake_target_skip_unavailable' from command line to 'False'
[0.184s] Level 5:colcon.colcon_core.verb:set package 'record' build argument 'cmake_clean_cache' from command line to 'False'
[0.184s] Level 5:colcon.colcon_core.verb:set package 'record' build argument 'cmake_clean_first' from command line to 'False'
[0.184s] Level 5:colcon.colcon_core.verb:set package 'record' build argument 'cmake_force_configure' from command line to 'False'
[0.184s] Level 5:colcon.colcon_core.verb:set package 'record' build argument 'ament_cmake_args' from command line to 'None'
[0.184s] Level 5:colcon.colcon_core.verb:set package 'record' build argument 'catkin_cmake_args' from command line to 'None'
[0.184s] Level 5:colcon.colcon_core.verb:set package 'record' build argument 'catkin_skip_building_tests' from command line to 'False'
[0.184s] DEBUG:colcon.colcon_core.verb:Building package 'record' with the following arguments: {'ament_cmake_args': None, 'build_base': '/workspace/farm_car_system/build/record', 'catkin_cmake_args': None, 'catkin_skip_building_tests': False, 'cmake_args': None, 'cmake_clean_cache': False, 'cmake_clean_first': False, 'cmake_force_configure': False, 'cmake_target': None, 'cmake_target_skip_unavailable': False, 'install_base': '/workspace/farm_car_system/install/record', 'merge_install': False, 'path': '/workspace/farm_car_system/src/record', 'symlink_install': False, 'test_result_base': None}
[0.184s] Level 5:colcon.colcon_core.verb:set package 'track' build argument 'cmake_args' from command line to 'None'
[0.184s] Level 5:colcon.colcon_core.verb:set package 'track' build argument 'cmake_target' from command line to 'None'
[0.184s] Level 5:colcon.colcon_core.verb:set package 'track' build argument 'cmake_target_skip_unavailable' from command line to 'False'
[0.184s] Level 5:colcon.colcon_core.verb:set package 'track' build argument 'cmake_clean_cache' from command line to 'False'
[0.184s] Level 5:colcon.colcon_core.verb:set package 'track' build argument 'cmake_clean_first' from command line to 'False'
[0.184s] Level 5:colcon.colcon_core.verb:set package 'track' build argument 'cmake_force_configure' from command line to 'False'
[0.184s] Level 5:colcon.colcon_core.verb:set package 'track' build argument 'ament_cmake_args' from command line to 'None'
[0.184s] Level 5:colcon.colcon_core.verb:set package 'track' build argument 'catkin_cmake_args' from command line to 'None'
[0.184s] Level 5:colcon.colcon_core.verb:set package 'track' build argument 'catkin_skip_building_tests' from command line to 'False'
[0.184s] DEBUG:colcon.colcon_core.verb:Building package 'track' with the following arguments: {'ament_cmake_args': None, 'build_base': '/workspace/farm_car_system/build/track', 'catkin_cmake_args': None, 'catkin_skip_building_tests': False, 'cmake_args': None, 'cmake_clean_cache': False, 'cmake_clean_first': False, 'cmake_force_configure': False, 'cmake_target': None, 'cmake_target_skip_unavailable': False, 'install_base': '/workspace/farm_car_system/install/track', 'merge_install': False, 'path': '/workspace/farm_car_system/src/track', 'symlink_install': False, 'test_result_base': None}
[0.184s] INFO:colcon.colcon_core.executor:Executing jobs using 'parallel' executor
[0.185s] DEBUG:colcon.colcon_parallel_executor.executor.parallel:run_until_complete
[0.185s] INFO:colcon.colcon_ros.task.ament_cmake.build:Building ROS package in '/workspace/farm_car_system/src/obs_filiter' with build type 'ament_cmake'
[0.185s] INFO:colcon.colcon_cmake.task.cmake.build:Building CMake package in '/workspace/farm_car_system/src/obs_filiter'
[0.186s] INFO:colcon.colcon_core.plugin_system:Skipping extension 'colcon_core.shell.bat': Not used on non-Windows systems
[0.186s] INFO:colcon.colcon_core.shell:Skip shell extension 'powershell' for command environment: Not usable outside of PowerShell
[0.186s] DEBUG:colcon.colcon_core.shell:Skip shell extension 'dsv' for command environment
[0.188s] INFO:colcon.colcon_ros.task.ament_python.build:Building ROS package in '/workspace/farm_car_system/src/realsense' with build type 'ament_python'
[0.188s] Level 1:colcon.colcon_core.shell:create_environment_hook('realsense', 'ament_prefix_path')
[0.188s] INFO:colcon.colcon_core.shell:Creating environment hook '/workspace/farm_car_system/install/realsense/share/realsense/hook/ament_prefix_path.ps1'
[0.189s] INFO:colcon.colcon_core.shell:Creating environment descriptor '/workspace/farm_car_system/install/realsense/share/realsense/hook/ament_prefix_path.dsv'
[0.189s] INFO:colcon.colcon_core.shell:Creating environment hook '/workspace/farm_car_system/install/realsense/share/realsense/hook/ament_prefix_path.sh'
[0.189s] INFO:colcon.colcon_core.shell:Skip shell extension 'powershell' for command environment: Not usable outside of PowerShell
[0.189s] DEBUG:colcon.colcon_core.shell:Skip shell extension 'dsv' for command environment
[0.190s] INFO:colcon.colcon_ros.task.ament_python.build:Building ROS package in '/workspace/farm_car_system/src/record' with build type 'ament_python'
[0.190s] Level 1:colcon.colcon_core.shell:create_environment_hook('record', 'ament_prefix_path')
[0.191s] INFO:colcon.colcon_core.shell:Creating environment hook '/workspace/farm_car_system/install/record/share/record/hook/ament_prefix_path.ps1'
[0.191s] INFO:colcon.colcon_core.shell:Creating environment descriptor '/workspace/farm_car_system/install/record/share/record/hook/ament_prefix_path.dsv'
[0.191s] INFO:colcon.colcon_core.shell:Creating environment hook '/workspace/farm_car_system/install/record/share/record/hook/ament_prefix_path.sh'
[0.191s] INFO:colcon.colcon_core.shell:Skip shell extension 'powershell' for command environment: Not usable outside of PowerShell
[0.191s] DEBUG:colcon.colcon_core.shell:Skip shell extension 'dsv' for command environment
[0.192s] INFO:colcon.colcon_ros.task.ament_python.build:Building ROS package in '/workspace/farm_car_system/src/track' with build type 'ament_python'
[0.192s] Level 1:colcon.colcon_core.shell:create_environment_hook('track', 'ament_prefix_path')
[0.193s] INFO:colcon.colcon_core.shell:Creating environment hook '/workspace/farm_car_system/install/track/share/track/hook/ament_prefix_path.ps1'
[0.193s] INFO:colcon.colcon_core.shell:Creating environment descriptor '/workspace/farm_car_system/install/track/share/track/hook/ament_prefix_path.dsv'
[0.193s] INFO:colcon.colcon_core.shell:Creating environment hook '/workspace/farm_car_system/install/track/share/track/hook/ament_prefix_path.sh'
[0.193s] INFO:colcon.colcon_core.shell:Skip shell extension 'powershell' for command environment: Not usable outside of PowerShell
[0.193s] DEBUG:colcon.colcon_core.shell:Skip shell extension 'dsv' for command environment
[0.197s] DEBUG:colcon.colcon_core.event_handler.log_command:Invoking command in '/workspace/farm_car_system/build/obs_filiter': CMAKE_PREFIX_PATH=/opt/ros/humble /usr/bin/cmake /workspace/farm_car_system/src/obs_filiter -DCMAKE_INSTALL_PREFIX=/workspace/farm_car_system/install/obs_filiter
[0.333s] INFO:colcon.colcon_core.task.python.build:Building Python package in '/workspace/farm_car_system/src/realsense'
[0.333s] INFO:colcon.colcon_core.shell:Skip shell extension 'powershell' for command environment: Not usable outside of PowerShell
[0.333s] DEBUG:colcon.colcon_core.shell:Skip shell extension 'dsv' for command environment
[0.472s] INFO:colcon.colcon_core.task.python.build:Building Python package in '/workspace/farm_car_system/src/record'
[0.472s] INFO:colcon.colcon_core.shell:Skip shell extension 'powershell' for command environment: Not usable outside of PowerShell
[0.472s] DEBUG:colcon.colcon_core.shell:Skip shell extension 'dsv' for command environment
[0.612s] INFO:colcon.colcon_core.task.python.build:Building Python package in '/workspace/farm_car_system/src/track'
[0.612s] INFO:colcon.colcon_core.shell:Skip shell extension 'powershell' for command environment: Not usable outside of PowerShell
[0.612s] DEBUG:colcon.colcon_core.shell:Skip shell extension 'dsv' for command environment
[0.828s] DEBUG:colcon.colcon_core.event_handler.log_command:Invoking command in '/workspace/farm_car_system/src/record': PYTHONPATH=/workspace/farm_car_system/build/record/prefix_override:/usr/lib/python3/dist-packages/colcon_core/task/python/colcon_distutils_commands:/workspace/farm_car_system/install/record/lib/python3.10/site-packages:${PYTHONPATH} /usr/bin/python3 -W ignore:setup.py install is deprecated -W ignore:easy_install command is deprecated setup.py egg_info --egg-base ../../build/record build --build-base /workspace/farm_car_system/build/record/build install --record /workspace/farm_car_system/build/record/install.log --single-version-externally-managed install_data
[0.828s] DEBUG:colcon.colcon_core.event_handler.log_command:Invoking command in '/workspace/farm_car_system/src/realsense': PYTHONPATH=/workspace/farm_car_system/build/realsense/prefix_override:/usr/lib/python3/dist-packages/colcon_core/task/python/colcon_distutils_commands:/workspace/farm_car_system/install/realsense/lib/python3.10/site-packages:${PYTHONPATH} /usr/bin/python3 -W ignore:setup.py install is deprecated -W ignore:easy_install command is deprecated setup.py egg_info --egg-base ../../build/realsense build --build-base /workspace/farm_car_system/build/realsense/build install --record /workspace/farm_car_system/build/realsense/install.log --single-version-externally-managed install_data
[0.833s] DEBUG:colcon.colcon_core.event_handler.log_command:Invoking command in '/workspace/farm_car_system/src/track': PYTHONPATH=/workspace/farm_car_system/build/track/prefix_override:/usr/lib/python3/dist-packages/colcon_core/task/python/colcon_distutils_commands:/workspace/farm_car_system/install/track/lib/python3.10/site-packages:${PYTHONPATH} /usr/bin/python3 -W ignore:setup.py install is deprecated -W ignore:easy_install command is deprecated setup.py egg_info --egg-base ../../build/track build --build-base /workspace/farm_car_system/build/track/build install --record /workspace/farm_car_system/build/track/install.log --single-version-externally-managed install_data
[0.990s] DEBUG:colcon.colcon_core.event_handler.log_command:Invoked command in '/workspace/farm_car_system/src/record' returned '0': PYTHONPATH=/workspace/farm_car_system/build/record/prefix_override:/usr/lib/python3/dist-packages/colcon_core/task/python/colcon_distutils_commands:/workspace/farm_car_system/install/record/lib/python3.10/site-packages:${PYTHONPATH} /usr/bin/python3 -W ignore:setup.py install is deprecated -W ignore:easy_install command is deprecated setup.py egg_info --egg-base ../../build/record build --build-base /workspace/farm_car_system/build/record/build install --record /workspace/farm_car_system/build/record/install.log --single-version-externally-managed install_data
[0.992s] Level 1:colcon.colcon_core.environment:checking '/workspace/farm_car_system/install/record' for CMake module files
[0.992s] Level 1:colcon.colcon_core.environment:checking '/workspace/farm_car_system/install/record' for CMake config files
[0.993s] Level 1:colcon.colcon_core.environment:checking '/workspace/farm_car_system/install/record/lib'
[0.993s] Level 1:colcon.colcon_core.environment:checking '/workspace/farm_car_system/install/record/bin'
[0.993s] Level 1:colcon.colcon_core.environment:checking '/workspace/farm_car_system/install/record/lib/pkgconfig/record.pc'
[0.993s] Level 1:colcon.colcon_core.environment:checking '/workspace/farm_car_system/install/record/lib/python3.10/site-packages'
[0.993s] Level 1:colcon.colcon_core.shell:create_environment_hook('record', 'pythonpath')
[0.994s] INFO:colcon.colcon_core.shell:Creating environment hook '/workspace/farm_car_system/install/record/share/record/hook/pythonpath.ps1'
[0.994s] INFO:colcon.colcon_core.shell:Creating environment descriptor '/workspace/farm_car_system/install/record/share/record/hook/pythonpath.dsv'
[0.994s] INFO:colcon.colcon_core.shell:Creating environment hook '/workspace/farm_car_system/install/record/share/record/hook/pythonpath.sh'
[0.995s] Level 1:colcon.colcon_core.environment:checking '/workspace/farm_car_system/install/record/bin'
[0.995s] Level 1:colcon.colcon_core.environment:create_environment_scripts_only(record)
[0.995s] INFO:colcon.colcon_core.shell:Creating package script '/workspace/farm_car_system/install/record/share/record/package.ps1'
[0.995s] INFO:colcon.colcon_core.shell:Creating package descriptor '/workspace/farm_car_system/install/record/share/record/package.dsv'
[0.996s] INFO:colcon.colcon_core.shell:Creating package script '/workspace/farm_car_system/install/record/share/record/package.sh'
[0.996s] INFO:colcon.colcon_core.shell:Creating package script '/workspace/farm_car_system/install/record/share/record/package.bash'
[0.996s] INFO:colcon.colcon_core.shell:Creating package script '/workspace/farm_car_system/install/record/share/record/package.zsh'
[0.997s] Level 1:colcon.colcon_core.environment:create_file_with_runtime_dependencies(/workspace/farm_car_system/install/record/share/colcon-core/packages/record)
[0.999s] Level 1:colcon.colcon_core.environment:checking '/workspace/farm_car_system/install/realsense' for CMake module files
[1.000s] DEBUG:colcon.colcon_core.event_handler.log_command:Invoked command in '/workspace/farm_car_system/src/realsense' returned '0': PYTHONPATH=/workspace/farm_car_system/build/realsense/prefix_override:/usr/lib/python3/dist-packages/colcon_core/task/python/colcon_distutils_commands:/workspace/farm_car_system/install/realsense/lib/python3.10/site-packages:${PYTHONPATH} /usr/bin/python3 -W ignore:setup.py install is deprecated -W ignore:easy_install command is deprecated setup.py egg_info --egg-base ../../build/realsense build --build-base /workspace/farm_car_system/build/realsense/build install --record /workspace/farm_car_system/build/realsense/install.log --single-version-externally-managed install_data
[1.000s] Level 1:colcon.colcon_core.environment:checking '/workspace/farm_car_system/install/realsense' for CMake config files
[1.000s] Level 1:colcon.colcon_core.environment:checking '/workspace/farm_car_system/install/realsense/lib'
[1.000s] Level 1:colcon.colcon_core.environment:checking '/workspace/farm_car_system/install/realsense/bin'
[1.000s] Level 1:colcon.colcon_core.environment:checking '/workspace/farm_car_system/install/realsense/lib/pkgconfig/realsense.pc'
[1.001s] Level 1:colcon.colcon_core.environment:checking '/workspace/farm_car_system/install/realsense/lib/python3.10/site-packages'
[1.001s] Level 1:colcon.colcon_core.shell:create_environment_hook('realsense', 'pythonpath')
[1.001s] INFO:colcon.colcon_core.shell:Creating environment hook '/workspace/farm_car_system/install/realsense/share/realsense/hook/pythonpath.ps1'
[1.001s] INFO:colcon.colcon_core.shell:Creating environment descriptor '/workspace/farm_car_system/install/realsense/share/realsense/hook/pythonpath.dsv'
[1.001s] INFO:colcon.colcon_core.shell:Creating environment hook '/workspace/farm_car_system/install/realsense/share/realsense/hook/pythonpath.sh'
[1.002s] Level 1:colcon.colcon_core.environment:checking '/workspace/farm_car_system/install/realsense/bin'
[1.002s] Level 1:colcon.colcon_core.environment:create_environment_scripts_only(realsense)
[1.002s] INFO:colcon.colcon_core.shell:Creating package script '/workspace/farm_car_system/install/realsense/share/realsense/package.ps1'
[1.002s] INFO:colcon.colcon_core.shell:Creating package descriptor '/workspace/farm_car_system/install/realsense/share/realsense/package.dsv'
[1.002s] INFO:colcon.colcon_core.shell:Creating package script '/workspace/farm_car_system/install/realsense/share/realsense/package.sh'
[1.003s] INFO:colcon.colcon_core.shell:Creating package script '/workspace/farm_car_system/install/realsense/share/realsense/package.bash'
[1.003s] INFO:colcon.colcon_core.shell:Creating package script '/workspace/farm_car_system/install/realsense/share/realsense/package.zsh'
[1.003s] Level 1:colcon.colcon_core.environment:create_file_with_runtime_dependencies(/workspace/farm_car_system/install/realsense/share/colcon-core/packages/realsense)
[1.010s] Level 1:colcon.colcon_core.environment:checking '/workspace/farm_car_system/install/track' for CMake module files
[1.011s] DEBUG:colcon.colcon_core.event_handler.log_command:Invoked command in '/workspace/farm_car_system/src/track' returned '0': PYTHONPATH=/workspace/farm_car_system/build/track/prefix_override:/usr/lib/python3/dist-packages/colcon_core/task/python/colcon_distutils_commands:/workspace/farm_car_system/install/track/lib/python3.10/site-packages:${PYTHONPATH} /usr/bin/python3 -W ignore:setup.py install is deprecated -W ignore:easy_install command is deprecated setup.py egg_info --egg-base ../../build/track build --build-base /workspace/farm_car_system/build/track/build install --record /workspace/farm_car_system/build/track/install.log --single-version-externally-managed install_data
[1.011s] Level 1:colcon.colcon_core.environment:checking '/workspace/farm_car_system/install/track' for CMake config files
[1.011s] Level 1:colcon.colcon_core.environment:checking '/workspace/farm_car_system/install/track/lib'
[1.011s] Level 1:colcon.colcon_core.environment:checking '/workspace/farm_car_system/install/track/bin'
[1.011s] Level 1:colcon.colcon_core.environment:checking '/workspace/farm_car_system/install/track/lib/pkgconfig/track.pc'
[1.012s] Level 1:colcon.colcon_core.environment:checking '/workspace/farm_car_system/install/track/lib/python3.10/site-packages'
[1.012s] Level 1:colcon.colcon_core.shell:create_environment_hook('track', 'pythonpath')
[1.012s] INFO:colcon.colcon_core.shell:Creating environment hook '/workspace/farm_car_system/install/track/share/track/hook/pythonpath.ps1'
[1.012s] INFO:colcon.colcon_core.shell:Creating environment descriptor '/workspace/farm_car_system/install/track/share/track/hook/pythonpath.dsv'
[1.012s] INFO:colcon.colcon_core.shell:Creating environment hook '/workspace/farm_car_system/install/track/share/track/hook/pythonpath.sh'
[1.012s] Level 1:colcon.colcon_core.environment:checking '/workspace/farm_car_system/install/track/bin'
[1.013s] Level 1:colcon.colcon_core.environment:create_environment_scripts_only(track)
[1.013s] INFO:colcon.colcon_core.shell:Creating package script '/workspace/farm_car_system/install/track/share/track/package.ps1'
[1.013s] INFO:colcon.colcon_core.shell:Creating package descriptor '/workspace/farm_car_system/install/track/share/track/package.dsv'
[1.013s] INFO:colcon.colcon_core.shell:Creating package script '/workspace/farm_car_system/install/track/share/track/package.sh'
[1.013s] INFO:colcon.colcon_core.shell:Creating package script '/workspace/farm_car_system/install/track/share/track/package.bash'
[1.013s] INFO:colcon.colcon_core.shell:Creating package script '/workspace/farm_car_system/install/track/share/track/package.zsh'
[1.014s] Level 1:colcon.colcon_core.environment:create_file_with_runtime_dependencies(/workspace/farm_car_system/install/track/share/colcon-core/packages/track)
[2.843s] DEBUG:colcon.colcon_core.event_handler.log_command:Invoked command in '/workspace/farm_car_system/build/obs_filiter' returned '0': CMAKE_PREFIX_PATH=/opt/ros/humble /usr/bin/cmake /workspace/farm_car_system/src/obs_filiter -DCMAKE_INSTALL_PREFIX=/workspace/farm_car_system/install/obs_filiter
[2.844s] DEBUG:colcon.colcon_core.event_handler.log_command:Invoking command in '/workspace/farm_car_system/build/obs_filiter': CMAKE_PREFIX_PATH=/opt/ros/humble /usr/bin/cmake --build /workspace/farm_car_system/build/obs_filiter -- -j20 -l20
[18.790s] DEBUG:colcon.colcon_core.event_handler.log_command:Invoked command in '/workspace/farm_car_system/build/obs_filiter' returned '0': CMAKE_PREFIX_PATH=/opt/ros/humble /usr/bin/cmake --build /workspace/farm_car_system/build/obs_filiter -- -j20 -l20
[18.797s] DEBUG:colcon.colcon_core.event_handler.log_command:Invoking command in '/workspace/farm_car_system/build/obs_filiter': CMAKE_PREFIX_PATH=/opt/ros/humble /usr/bin/cmake --install /workspace/farm_car_system/build/obs_filiter
[18.805s] Level 1:colcon.colcon_core.environment:create_environment_scripts_only(obs_filiter)
[18.805s] DEBUG:colcon.colcon_core.event_handler.log_command:Invoked command in '/workspace/farm_car_system/build/obs_filiter' returned '0': CMAKE_PREFIX_PATH=/opt/ros/humble /usr/bin/cmake --install /workspace/farm_car_system/build/obs_filiter
[18.805s] Level 1:colcon.colcon_core.environment:checking '/workspace/farm_car_system/install/obs_filiter' for CMake module files
[18.806s] Level 1:colcon.colcon_core.environment:checking '/workspace/farm_car_system/install/obs_filiter' for CMake config files
[18.806s] Level 1:colcon.colcon_core.shell:create_environment_hook('obs_filiter', 'cmake_prefix_path')
[18.806s] INFO:colcon.colcon_core.shell:Creating environment hook '/workspace/farm_car_system/install/obs_filiter/share/obs_filiter/hook/cmake_prefix_path.ps1'
[18.807s] INFO:colcon.colcon_core.shell:Creating environment descriptor '/workspace/farm_car_system/install/obs_filiter/share/obs_filiter/hook/cmake_prefix_path.dsv'
[18.807s] INFO:colcon.colcon_core.shell:Creating environment hook '/workspace/farm_car_system/install/obs_filiter/share/obs_filiter/hook/cmake_prefix_path.sh'
[18.807s] Level 1:colcon.colcon_core.environment:checking '/workspace/farm_car_system/install/obs_filiter/lib'
[18.807s] Level 1:colcon.colcon_core.environment:checking '/workspace/farm_car_system/install/obs_filiter/bin'
[18.807s] Level 1:colcon.colcon_core.environment:checking '/workspace/farm_car_system/install/obs_filiter/lib/pkgconfig/obs_filiter.pc'
[18.808s] Level 1:colcon.colcon_core.environment:checking '/workspace/farm_car_system/install/obs_filiter/lib/python3.10/site-packages'
[18.808s] Level 1:colcon.colcon_core.environment:checking '/workspace/farm_car_system/install/obs_filiter/bin'
[18.808s] INFO:colcon.colcon_core.shell:Creating package script '/workspace/farm_car_system/install/obs_filiter/share/obs_filiter/package.ps1'
[18.809s] INFO:colcon.colcon_core.shell:Creating package descriptor '/workspace/farm_car_system/install/obs_filiter/share/obs_filiter/package.dsv'
[18.809s] INFO:colcon.colcon_core.shell:Creating package script '/workspace/farm_car_system/install/obs_filiter/share/obs_filiter/package.sh'
[18.809s] INFO:colcon.colcon_core.shell:Creating package script '/workspace/farm_car_system/install/obs_filiter/share/obs_filiter/package.bash'
[18.810s] INFO:colcon.colcon_core.shell:Creating package script '/workspace/farm_car_system/install/obs_filiter/share/obs_filiter/package.zsh'
[18.810s] Level 1:colcon.colcon_core.environment:create_file_with_runtime_dependencies(/workspace/farm_car_system/install/obs_filiter/share/colcon-core/packages/obs_filiter)
[18.811s] Level 1:colcon.colcon_core.environment:create_environment_scripts_only(obs_filiter)
[18.811s] Level 1:colcon.colcon_core.environment:checking '/workspace/farm_car_system/install/obs_filiter' for CMake module files
[18.811s] Level 1:colcon.colcon_core.environment:checking '/workspace/farm_car_system/install/obs_filiter' for CMake config files
[18.811s] Level 1:colcon.colcon_core.shell:create_environment_hook('obs_filiter', 'cmake_prefix_path')
[18.811s] INFO:colcon.colcon_core.shell:Creating environment hook '/workspace/farm_car_system/install/obs_filiter/share/obs_filiter/hook/cmake_prefix_path.ps1'
[18.812s] INFO:colcon.colcon_core.shell:Creating environment descriptor '/workspace/farm_car_system/install/obs_filiter/share/obs_filiter/hook/cmake_prefix_path.dsv'
[18.812s] INFO:colcon.colcon_core.shell:Creating environment hook '/workspace/farm_car_system/install/obs_filiter/share/obs_filiter/hook/cmake_prefix_path.sh'
[18.812s] Level 1:colcon.colcon_core.environment:checking '/workspace/farm_car_system/install/obs_filiter/lib'
[18.812s] Level 1:colcon.colcon_core.environment:checking '/workspace/farm_car_system/install/obs_filiter/bin'
[18.812s] Level 1:colcon.colcon_core.environment:checking '/workspace/farm_car_system/install/obs_filiter/lib/pkgconfig/obs_filiter.pc'
[18.813s] Level 1:colcon.colcon_core.environment:checking '/workspace/farm_car_system/install/obs_filiter/lib/python3.10/site-packages'
[18.813s] Level 1:colcon.colcon_core.environment:checking '/workspace/farm_car_system/install/obs_filiter/bin'
[18.813s] INFO:colcon.colcon_core.shell:Creating package script '/workspace/farm_car_system/install/obs_filiter/share/obs_filiter/package.ps1'
[18.813s] INFO:colcon.colcon_core.shell:Creating package descriptor '/workspace/farm_car_system/install/obs_filiter/share/obs_filiter/package.dsv'
[18.814s] INFO:colcon.colcon_core.shell:Creating package script '/workspace/farm_car_system/install/obs_filiter/share/obs_filiter/package.sh'
[18.814s] INFO:colcon.colcon_core.shell:Creating package script '/workspace/farm_car_system/install/obs_filiter/share/obs_filiter/package.bash'
[18.814s] INFO:colcon.colcon_core.shell:Creating package script '/workspace/farm_car_system/install/obs_filiter/share/obs_filiter/package.zsh'
[18.814s] Level 1:colcon.colcon_core.environment:create_file_with_runtime_dependencies(/workspace/farm_car_system/install/obs_filiter/share/colcon-core/packages/obs_filiter)
[18.815s] DEBUG:colcon.colcon_parallel_executor.executor.parallel:closing loop
[18.815s] DEBUG:colcon.colcon_parallel_executor.executor.parallel:loop closed
[18.815s] DEBUG:colcon.colcon_parallel_executor.executor.parallel:run_until_complete finished with '0'
[18.815s] DEBUG:colcon.colcon_core.event_reactor:joining thread
[18.820s] INFO:colcon.colcon_core.plugin_system:Skipping extension 'colcon_notification.desktop_notification.notify_send': Could not find 'notify-send'
[18.820s] INFO:colcon.colcon_core.plugin_system:Skipping extension 'colcon_notification.desktop_notification.terminal_notifier': Not used on non-Darwin systems
[18.820s] INFO:colcon.colcon_core.plugin_system:Skipping extension 'colcon_notification.desktop_notification.win32': Not used on non-Windows systems
[18.820s] INFO:colcon.colcon_notification.desktop_notification:Sending desktop notification using 'notify2'
[18.823s] DEBUG:colcon.colcon_notification.desktop_notification.notify2:Failed to initialize notify2: org.freedesktop.DBus.Error.Spawn.ExecFailed: /usr/bin/dbus-launch terminated abnormally without any error message
[18.823s] DEBUG:colcon.colcon_core.event_reactor:joined thread
[18.824s] INFO:colcon.colcon_core.shell:Creating prefix script '/workspace/farm_car_system/install/local_setup.ps1'
[18.825s] INFO:colcon.colcon_core.shell:Creating prefix util module '/workspace/farm_car_system/install/_local_setup_util_ps1.py'
[18.826s] INFO:colcon.colcon_core.shell:Creating prefix chain script '/workspace/farm_car_system/install/setup.ps1'
[18.827s] INFO:colcon.colcon_core.shell:Creating prefix script '/workspace/farm_car_system/install/local_setup.sh'
[18.828s] INFO:colcon.colcon_core.shell:Creating prefix util module '/workspace/farm_car_system/install/_local_setup_util_sh.py'
[18.829s] INFO:colcon.colcon_core.shell:Creating prefix chain script '/workspace/farm_car_system/install/setup.sh'
[18.830s] INFO:colcon.colcon_core.shell:Creating prefix script '/workspace/farm_car_system/install/local_setup.bash'
[18.830s] INFO:colcon.colcon_core.shell:Creating prefix chain script '/workspace/farm_car_system/install/setup.bash'
[18.831s] INFO:colcon.colcon_core.shell:Creating prefix script '/workspace/farm_car_system/install/local_setup.zsh'
[18.832s] INFO:colcon.colcon_core.shell:Creating prefix chain script '/workspace/farm_car_system/install/setup.zsh'
