/workspace/farm_car_system/install/realsense/lib/python3.10/site-packages/realsense/interface.py
/workspace/farm_car_system/install/realsense/lib/python3.10/site-packages/realsense/box_edge_detect.py
/workspace/farm_car_system/install/realsense/lib/python3.10/site-packages/realsense/depth_calculate.py
/workspace/farm_car_system/install/realsense/lib/python3.10/site-packages/realsense/color_detect.py
/workspace/farm_car_system/install/realsense/lib/python3.10/site-packages/realsense/__init__.py
/workspace/farm_car_system/install/realsense/lib/python3.10/site-packages/realsense/take_picture.py
/workspace/farm_car_system/install/realsense/lib/python3.10/site-packages/realsense/realsense_read.py
/workspace/farm_car_system/install/realsense/lib/python3.10/site-packages/realsense/2d_plane.py
/workspace/farm_car_system/install/realsense/lib/python3.10/site-packages/realsense/camera_parameter.py
/workspace/farm_car_system/install/realsense/lib/python3.10/site-packages/realsense/paddleorc.py
/workspace/farm_car_system/install/realsense/lib/python3.10/site-packages/realsense/visiual.py
/workspace/farm_car_system/install/realsense/lib/python3.10/site-packages/realsense/color_range.py
/workspace/farm_car_system/install/realsense/lib/python3.10/site-packages/realsense/interface_robot.py
/workspace/farm_car_system/install/realsense/lib/python3.10/site-packages/realsense/__pycache__/interface.cpython-310.pyc
/workspace/farm_car_system/install/realsense/lib/python3.10/site-packages/realsense/__pycache__/box_edge_detect.cpython-310.pyc
/workspace/farm_car_system/install/realsense/lib/python3.10/site-packages/realsense/__pycache__/depth_calculate.cpython-310.pyc
/workspace/farm_car_system/install/realsense/lib/python3.10/site-packages/realsense/__pycache__/color_detect.cpython-310.pyc
/workspace/farm_car_system/install/realsense/lib/python3.10/site-packages/realsense/__pycache__/__init__.cpython-310.pyc
/workspace/farm_car_system/install/realsense/lib/python3.10/site-packages/realsense/__pycache__/take_picture.cpython-310.pyc
/workspace/farm_car_system/install/realsense/lib/python3.10/site-packages/realsense/__pycache__/realsense_read.cpython-310.pyc
/workspace/farm_car_system/install/realsense/lib/python3.10/site-packages/realsense/__pycache__/2d_plane.cpython-310.pyc
/workspace/farm_car_system/install/realsense/lib/python3.10/site-packages/realsense/__pycache__/camera_parameter.cpython-310.pyc
/workspace/farm_car_system/install/realsense/lib/python3.10/site-packages/realsense/__pycache__/paddleorc.cpython-310.pyc
/workspace/farm_car_system/install/realsense/lib/python3.10/site-packages/realsense/__pycache__/visiual.cpython-310.pyc
/workspace/farm_car_system/install/realsense/lib/python3.10/site-packages/realsense/__pycache__/color_range.cpython-310.pyc
/workspace/farm_car_system/install/realsense/lib/python3.10/site-packages/realsense/__pycache__/interface_robot.cpython-310.pyc
/workspace/farm_car_system/install/realsense/share/ament_index/resource_index/packages/realsense
/workspace/farm_car_system/install/realsense/share/realsense/package.xml
/workspace/farm_car_system/install/realsense/share/realsense/launch/visual_launch.py
/workspace/farm_car_system/install/realsense/lib/python3.10/site-packages/realsense-0.0.1-py3.10.egg-info/requires.txt
/workspace/farm_car_system/install/realsense/lib/python3.10/site-packages/realsense-0.0.1-py3.10.egg-info/top_level.txt
/workspace/farm_car_system/install/realsense/lib/python3.10/site-packages/realsense-0.0.1-py3.10.egg-info/entry_points.txt
/workspace/farm_car_system/install/realsense/lib/python3.10/site-packages/realsense-0.0.1-py3.10.egg-info/zip-safe
/workspace/farm_car_system/install/realsense/lib/python3.10/site-packages/realsense-0.0.1-py3.10.egg-info/PKG-INFO
/workspace/farm_car_system/install/realsense/lib/python3.10/site-packages/realsense-0.0.1-py3.10.egg-info/dependency_links.txt
/workspace/farm_car_system/install/realsense/lib/python3.10/site-packages/realsense-0.0.1-py3.10.egg-info/SOURCES.txt
/workspace/farm_car_system/install/realsense/lib/realsense/2d_plane
/workspace/farm_car_system/install/realsense/lib/realsense/box_edge_detect
/workspace/farm_car_system/install/realsense/lib/realsense/color_detect
/workspace/farm_car_system/install/realsense/lib/realsense/color_range
/workspace/farm_car_system/install/realsense/lib/realsense/depth_calculate
/workspace/farm_car_system/install/realsense/lib/realsense/paddleorc
/workspace/farm_car_system/install/realsense/lib/realsense/realsense_read
/workspace/farm_car_system/install/realsense/lib/realsense/yolo_number_detect
