running egg_info
creating ../../build/realsense/realsense.egg-info
writing ../../build/realsense/realsense.egg-info/PKG-INFO
writing dependency_links to ../../build/realsense/realsense.egg-info/dependency_links.txt
writing entry points to ../../build/realsense/realsense.egg-info/entry_points.txt
writing requirements to ../../build/realsense/realsense.egg-info/requires.txt
writing top-level names to ../../build/realsense/realsense.egg-info/top_level.txt
writing manifest file '../../build/realsense/realsense.egg-info/SOURCES.txt'
reading manifest file '../../build/realsense/realsense.egg-info/SOURCES.txt'
writing manifest file '../../build/realsense/realsense.egg-info/SOURCES.txt'
running build
running build_py
creating /workspace/farm_car_system/build/realsense/build
creating /workspace/farm_car_system/build/realsense/build/lib
creating /workspace/farm_car_system/build/realsense/build/lib/realsense
copying realsense/interface.py -> /workspace/farm_car_system/build/realsense/build/lib/realsense
copying realsense/box_edge_detect.py -> /workspace/farm_car_system/build/realsense/build/lib/realsense
copying realsense/depth_calculate.py -> /workspace/farm_car_system/build/realsense/build/lib/realsense
copying realsense/color_detect.py -> /workspace/farm_car_system/build/realsense/build/lib/realsense
copying realsense/__init__.py -> /workspace/farm_car_system/build/realsense/build/lib/realsense
copying realsense/take_picture.py -> /workspace/farm_car_system/build/realsense/build/lib/realsense
copying realsense/realsense_read.py -> /workspace/farm_car_system/build/realsense/build/lib/realsense
copying realsense/2d_plane.py -> /workspace/farm_car_system/build/realsense/build/lib/realsense
copying realsense/camera_parameter.py -> /workspace/farm_car_system/build/realsense/build/lib/realsense
copying realsense/paddleorc.py -> /workspace/farm_car_system/build/realsense/build/lib/realsense
copying realsense/visiual.py -> /workspace/farm_car_system/build/realsense/build/lib/realsense
copying realsense/color_range.py -> /workspace/farm_car_system/build/realsense/build/lib/realsense
copying realsense/interface_robot.py -> /workspace/farm_car_system/build/realsense/build/lib/realsense
running install
running install_lib
creating /workspace/farm_car_system/install/realsense/lib/python3.10/site-packages/realsense
copying /workspace/farm_car_system/build/realsense/build/lib/realsense/interface.py -> /workspace/farm_car_system/install/realsense/lib/python3.10/site-packages/realsense
copying /workspace/farm_car_system/build/realsense/build/lib/realsense/box_edge_detect.py -> /workspace/farm_car_system/install/realsense/lib/python3.10/site-packages/realsense
copying /workspace/farm_car_system/build/realsense/build/lib/realsense/depth_calculate.py -> /workspace/farm_car_system/install/realsense/lib/python3.10/site-packages/realsense
copying /workspace/farm_car_system/build/realsense/build/lib/realsense/color_detect.py -> /workspace/farm_car_system/install/realsense/lib/python3.10/site-packages/realsense
copying /workspace/farm_car_system/build/realsense/build/lib/realsense/__init__.py -> /workspace/farm_car_system/install/realsense/lib/python3.10/site-packages/realsense
copying /workspace/farm_car_system/build/realsense/build/lib/realsense/take_picture.py -> /workspace/farm_car_system/install/realsense/lib/python3.10/site-packages/realsense
copying /workspace/farm_car_system/build/realsense/build/lib/realsense/realsense_read.py -> /workspace/farm_car_system/install/realsense/lib/python3.10/site-packages/realsense
copying /workspace/farm_car_system/build/realsense/build/lib/realsense/2d_plane.py -> /workspace/farm_car_system/install/realsense/lib/python3.10/site-packages/realsense
copying /workspace/farm_car_system/build/realsense/build/lib/realsense/camera_parameter.py -> /workspace/farm_car_system/install/realsense/lib/python3.10/site-packages/realsense
copying /workspace/farm_car_system/build/realsense/build/lib/realsense/paddleorc.py -> /workspace/farm_car_system/install/realsense/lib/python3.10/site-packages/realsense
copying /workspace/farm_car_system/build/realsense/build/lib/realsense/visiual.py -> /workspace/farm_car_system/install/realsense/lib/python3.10/site-packages/realsense
copying /workspace/farm_car_system/build/realsense/build/lib/realsense/color_range.py -> /workspace/farm_car_system/install/realsense/lib/python3.10/site-packages/realsense
copying /workspace/farm_car_system/build/realsense/build/lib/realsense/interface_robot.py -> /workspace/farm_car_system/install/realsense/lib/python3.10/site-packages/realsense
byte-compiling /workspace/farm_car_system/install/realsense/lib/python3.10/site-packages/realsense/interface.py to interface.cpython-310.pyc
byte-compiling /workspace/farm_car_system/install/realsense/lib/python3.10/site-packages/realsense/box_edge_detect.py to box_edge_detect.cpython-310.pyc
byte-compiling /workspace/farm_car_system/install/realsense/lib/python3.10/site-packages/realsense/depth_calculate.py to depth_calculate.cpython-310.pyc
byte-compiling /workspace/farm_car_system/install/realsense/lib/python3.10/site-packages/realsense/color_detect.py to color_detect.cpython-310.pyc
byte-compiling /workspace/farm_car_system/install/realsense/lib/python3.10/site-packages/realsense/__init__.py to __init__.cpython-310.pyc
byte-compiling /workspace/farm_car_system/install/realsense/lib/python3.10/site-packages/realsense/take_picture.py to take_picture.cpython-310.pyc
byte-compiling /workspace/farm_car_system/install/realsense/lib/python3.10/site-packages/realsense/realsense_read.py to realsense_read.cpython-310.pyc
byte-compiling /workspace/farm_car_system/install/realsense/lib/python3.10/site-packages/realsense/2d_plane.py to 2d_plane.cpython-310.pyc
byte-compiling /workspace/farm_car_system/install/realsense/lib/python3.10/site-packages/realsense/camera_parameter.py to camera_parameter.cpython-310.pyc
byte-compiling /workspace/farm_car_system/install/realsense/lib/python3.10/site-packages/realsense/paddleorc.py to paddleorc.cpython-310.pyc
byte-compiling /workspace/farm_car_system/install/realsense/lib/python3.10/site-packages/realsense/visiual.py to visiual.cpython-310.pyc
byte-compiling /workspace/farm_car_system/install/realsense/lib/python3.10/site-packages/realsense/color_range.py to color_range.cpython-310.pyc
byte-compiling /workspace/farm_car_system/install/realsense/lib/python3.10/site-packages/realsense/interface_robot.py to interface_robot.cpython-310.pyc
running install_data
creating /workspace/farm_car_system/install/realsense/share/ament_index
creating /workspace/farm_car_system/install/realsense/share/ament_index/resource_index
creating /workspace/farm_car_system/install/realsense/share/ament_index/resource_index/packages
copying resource/realsense -> /workspace/farm_car_system/install/realsense/share/ament_index/resource_index/packages
copying package.xml -> /workspace/farm_car_system/install/realsense/share/realsense
creating /workspace/farm_car_system/install/realsense/share/realsense/launch
copying launch/visual_launch.py -> /workspace/farm_car_system/install/realsense/share/realsense/launch
running install_egg_info
Copying ../../build/realsense/realsense.egg-info to /workspace/farm_car_system/install/realsense/lib/python3.10/site-packages/realsense-0.0.1-py3.10.egg-info
running install_scripts
Installing 2d_plane script to /workspace/farm_car_system/install/realsense/lib/realsense
Installing box_edge_detect script to /workspace/farm_car_system/install/realsense/lib/realsense
Installing color_detect script to /workspace/farm_car_system/install/realsense/lib/realsense
Installing color_range script to /workspace/farm_car_system/install/realsense/lib/realsense
Installing depth_calculate script to /workspace/farm_car_system/install/realsense/lib/realsense
Installing paddleorc script to /workspace/farm_car_system/install/realsense/lib/realsense
Installing realsense_read script to /workspace/farm_car_system/install/realsense/lib/realsense
Installing yolo_number_detect script to /workspace/farm_car_system/install/realsense/lib/realsense
writing list of installed files to '/workspace/farm_car_system/build/realsense/install.log'
