[0.640s] Invoking command in '/workspace/farm_car_system/src/realsense': PYTHONPATH=/workspace/farm_car_system/build/realsense/prefix_override:/usr/lib/python3/dist-packages/colcon_core/task/python/colcon_distutils_commands:/workspace/farm_car_system/install/realsense/lib/python3.10/site-packages:${PYTHONPATH} /usr/bin/python3 -W ignore:setup.py install is deprecated -W ignore:easy_install command is deprecated setup.py egg_info --egg-base ../../build/realsense build --build-base /workspace/farm_car_system/build/realsense/build install --record /workspace/farm_car_system/build/realsense/install.log --single-version-externally-managed install_data
[0.764s] running egg_info
[0.764s] creating ../../build/realsense/realsense.egg-info
[0.764s] writing ../../build/realsense/realsense.egg-info/PKG-INFO
[0.765s] writing dependency_links to ../../build/realsense/realsense.egg-info/dependency_links.txt
[0.765s] writing entry points to ../../build/realsense/realsense.egg-info/entry_points.txt
[0.765s] writing requirements to ../../build/realsense/realsense.egg-info/requires.txt
[0.765s] writing top-level names to ../../build/realsense/realsense.egg-info/top_level.txt
[0.765s] writing manifest file '../../build/realsense/realsense.egg-info/SOURCES.txt'
[0.766s] reading manifest file '../../build/realsense/realsense.egg-info/SOURCES.txt'
[0.766s] writing manifest file '../../build/realsense/realsense.egg-info/SOURCES.txt'
[0.766s] running build
[0.766s] running build_py
[0.767s] creating /workspace/farm_car_system/build/realsense/build
[0.767s] creating /workspace/farm_car_system/build/realsense/build/lib
[0.767s] creating /workspace/farm_car_system/build/realsense/build/lib/realsense
[0.767s] copying realsense/interface.py -> /workspace/farm_car_system/build/realsense/build/lib/realsense
[0.767s] copying realsense/box_edge_detect.py -> /workspace/farm_car_system/build/realsense/build/lib/realsense
[0.767s] copying realsense/depth_calculate.py -> /workspace/farm_car_system/build/realsense/build/lib/realsense
[0.767s] copying realsense/color_detect.py -> /workspace/farm_car_system/build/realsense/build/lib/realsense
[0.768s] copying realsense/__init__.py -> /workspace/farm_car_system/build/realsense/build/lib/realsense
[0.768s] copying realsense/take_picture.py -> /workspace/farm_car_system/build/realsense/build/lib/realsense
[0.768s] copying realsense/realsense_read.py -> /workspace/farm_car_system/build/realsense/build/lib/realsense
[0.768s] copying realsense/2d_plane.py -> /workspace/farm_car_system/build/realsense/build/lib/realsense
[0.768s] copying realsense/camera_parameter.py -> /workspace/farm_car_system/build/realsense/build/lib/realsense
[0.768s] copying realsense/paddleorc.py -> /workspace/farm_car_system/build/realsense/build/lib/realsense
[0.768s] copying realsense/visiual.py -> /workspace/farm_car_system/build/realsense/build/lib/realsense
[0.768s] copying realsense/color_range.py -> /workspace/farm_car_system/build/realsense/build/lib/realsense
[0.768s] copying realsense/interface_robot.py -> /workspace/farm_car_system/build/realsense/build/lib/realsense
[0.768s] running install
[0.768s] running install_lib
[0.768s] creating /workspace/farm_car_system/install/realsense/lib/python3.10/site-packages/realsense
[0.768s] copying /workspace/farm_car_system/build/realsense/build/lib/realsense/interface.py -> /workspace/farm_car_system/install/realsense/lib/python3.10/site-packages/realsense
[0.769s] copying /workspace/farm_car_system/build/realsense/build/lib/realsense/box_edge_detect.py -> /workspace/farm_car_system/install/realsense/lib/python3.10/site-packages/realsense
[0.769s] copying /workspace/farm_car_system/build/realsense/build/lib/realsense/depth_calculate.py -> /workspace/farm_car_system/install/realsense/lib/python3.10/site-packages/realsense
[0.769s] copying /workspace/farm_car_system/build/realsense/build/lib/realsense/color_detect.py -> /workspace/farm_car_system/install/realsense/lib/python3.10/site-packages/realsense
[0.769s] copying /workspace/farm_car_system/build/realsense/build/lib/realsense/__init__.py -> /workspace/farm_car_system/install/realsense/lib/python3.10/site-packages/realsense
[0.769s] copying /workspace/farm_car_system/build/realsense/build/lib/realsense/take_picture.py -> /workspace/farm_car_system/install/realsense/lib/python3.10/site-packages/realsense
[0.769s] copying /workspace/farm_car_system/build/realsense/build/lib/realsense/realsense_read.py -> /workspace/farm_car_system/install/realsense/lib/python3.10/site-packages/realsense
[0.769s] copying /workspace/farm_car_system/build/realsense/build/lib/realsense/2d_plane.py -> /workspace/farm_car_system/install/realsense/lib/python3.10/site-packages/realsense
[0.769s] copying /workspace/farm_car_system/build/realsense/build/lib/realsense/camera_parameter.py -> /workspace/farm_car_system/install/realsense/lib/python3.10/site-packages/realsense
[0.769s] copying /workspace/farm_car_system/build/realsense/build/lib/realsense/paddleorc.py -> /workspace/farm_car_system/install/realsense/lib/python3.10/site-packages/realsense
[0.769s] copying /workspace/farm_car_system/build/realsense/build/lib/realsense/visiual.py -> /workspace/farm_car_system/install/realsense/lib/python3.10/site-packages/realsense
[0.770s] copying /workspace/farm_car_system/build/realsense/build/lib/realsense/color_range.py -> /workspace/farm_car_system/install/realsense/lib/python3.10/site-packages/realsense
[0.770s] copying /workspace/farm_car_system/build/realsense/build/lib/realsense/interface_robot.py -> /workspace/farm_car_system/install/realsense/lib/python3.10/site-packages/realsense
[0.770s] byte-compiling /workspace/farm_car_system/install/realsense/lib/python3.10/site-packages/realsense/interface.py to interface.cpython-310.pyc
[0.770s] byte-compiling /workspace/farm_car_system/install/realsense/lib/python3.10/site-packages/realsense/box_edge_detect.py to box_edge_detect.cpython-310.pyc
[0.770s] byte-compiling /workspace/farm_car_system/install/realsense/lib/python3.10/site-packages/realsense/depth_calculate.py to depth_calculate.cpython-310.pyc
[0.770s] byte-compiling /workspace/farm_car_system/install/realsense/lib/python3.10/site-packages/realsense/color_detect.py to color_detect.cpython-310.pyc
[0.771s] byte-compiling /workspace/farm_car_system/install/realsense/lib/python3.10/site-packages/realsense/__init__.py to __init__.cpython-310.pyc
[0.771s] byte-compiling /workspace/farm_car_system/install/realsense/lib/python3.10/site-packages/realsense/take_picture.py to take_picture.cpython-310.pyc
[0.771s] byte-compiling /workspace/farm_car_system/install/realsense/lib/python3.10/site-packages/realsense/realsense_read.py to realsense_read.cpython-310.pyc
[0.772s] byte-compiling /workspace/farm_car_system/install/realsense/lib/python3.10/site-packages/realsense/2d_plane.py to 2d_plane.cpython-310.pyc
[0.772s] byte-compiling /workspace/farm_car_system/install/realsense/lib/python3.10/site-packages/realsense/camera_parameter.py to camera_parameter.cpython-310.pyc
[0.772s] byte-compiling /workspace/farm_car_system/install/realsense/lib/python3.10/site-packages/realsense/paddleorc.py to paddleorc.cpython-310.pyc
[0.773s] byte-compiling /workspace/farm_car_system/install/realsense/lib/python3.10/site-packages/realsense/visiual.py to visiual.cpython-310.pyc
[0.774s] byte-compiling /workspace/farm_car_system/install/realsense/lib/python3.10/site-packages/realsense/color_range.py to color_range.cpython-310.pyc
[0.775s] byte-compiling /workspace/farm_car_system/install/realsense/lib/python3.10/site-packages/realsense/interface_robot.py to interface_robot.cpython-310.pyc
[0.776s] running install_data
[0.776s] creating /workspace/farm_car_system/install/realsense/share/ament_index
[0.776s] creating /workspace/farm_car_system/install/realsense/share/ament_index/resource_index
[0.776s] creating /workspace/farm_car_system/install/realsense/share/ament_index/resource_index/packages
[0.776s] copying resource/realsense -> /workspace/farm_car_system/install/realsense/share/ament_index/resource_index/packages
[0.776s] copying package.xml -> /workspace/farm_car_system/install/realsense/share/realsense
[0.776s] creating /workspace/farm_car_system/install/realsense/share/realsense/launch
[0.776s] copying launch/visual_launch.py -> /workspace/farm_car_system/install/realsense/share/realsense/launch
[0.776s] running install_egg_info
[0.777s] Copying ../../build/realsense/realsense.egg-info to /workspace/farm_car_system/install/realsense/lib/python3.10/site-packages/realsense-0.0.1-py3.10.egg-info
[0.778s] running install_scripts
[0.792s] Installing 2d_plane script to /workspace/farm_car_system/install/realsense/lib/realsense
[0.792s] Installing box_edge_detect script to /workspace/farm_car_system/install/realsense/lib/realsense
[0.792s] Installing color_detect script to /workspace/farm_car_system/install/realsense/lib/realsense
[0.792s] Installing color_range script to /workspace/farm_car_system/install/realsense/lib/realsense
[0.792s] Installing depth_calculate script to /workspace/farm_car_system/install/realsense/lib/realsense
[0.792s] Installing paddleorc script to /workspace/farm_car_system/install/realsense/lib/realsense
[0.792s] Installing realsense_read script to /workspace/farm_car_system/install/realsense/lib/realsense
[0.792s] Installing yolo_number_detect script to /workspace/farm_car_system/install/realsense/lib/realsense
[0.792s] writing list of installed files to '/workspace/farm_car_system/build/realsense/install.log'
[0.811s] Invoked command in '/workspace/farm_car_system/src/realsense' returned '0': PYTHONPATH=/workspace/farm_car_system/build/realsense/prefix_override:/usr/lib/python3/dist-packages/colcon_core/task/python/colcon_distutils_commands:/workspace/farm_car_system/install/realsense/lib/python3.10/site-packages:${PYTHONPATH} /usr/bin/python3 -W ignore:setup.py install is deprecated -W ignore:easy_install command is deprecated setup.py egg_info --egg-base ../../build/realsense build --build-base /workspace/farm_car_system/build/realsense/build install --record /workspace/farm_car_system/build/realsense/install.log --single-version-externally-managed install_data
