[0.012s] Invoking command in '/workspace/farm_car_system/build/obs_filiter': CMAKE_PREFIX_PATH=/opt/ros/humble /usr/bin/cmake /workspace/farm_car_system/src/obs_filiter -DCMAKE_INSTALL_PREFIX=/workspace/farm_car_system/install/obs_filiter
[0.289s] -- The C compiler identification is GNU 11.4.0
[0.289s] -- The CXX compiler identification is GNU 11.4.0
[0.289s] -- Detecting C compiler ABI info
[0.305s] -- Detecting C compiler ABI info - done
[0.309s] -- Check for working C compiler: /usr/bin/cc - skipped
[0.309s] -- Detecting C compile features
[0.310s] -- Detecting C compile features - done
[0.312s] -- Detecting CXX compiler ABI info
[0.370s] -- Detecting CXX compiler ABI info - done
[0.376s] -- Check for working CXX compiler: /usr/bin/c++ - skipped
[0.377s] -- Detecting CXX compile features
[0.377s] -- Detecting CXX compile features - done
[0.382s] -- Found ament_cmake: 1.3.11 (/opt/ros/humble/share/ament_cmake/cmake)
[0.482s] -- Found Python3: /usr/bin/python3 (found version "3.10.12") found components: Interpreter 
[0.560s] -- Found rclcpp: 16.0.12 (/opt/ros/humble/share/rclcpp/cmake)
[0.602s] -- Found rosidl_generator_c: 3.1.6 (/opt/ros/humble/share/rosidl_generator_c/cmake)
[0.606s] -- Found rosidl_adapter: 3.1.6 (/opt/ros/humble/share/rosidl_adapter/cmake)
[0.614s] -- Found rosidl_generator_cpp: 3.1.6 (/opt/ros/humble/share/rosidl_generator_cpp/cmake)
[0.627s] -- Using all available rosidl_typesupport_c: rosidl_typesupport_fastrtps_c;rosidl_typesupport_introspection_c
[0.642s] -- Using all available rosidl_typesupport_cpp: rosidl_typesupport_fastrtps_cpp;rosidl_typesupport_introspection_cpp
[0.679s] -- Found rmw_implementation_cmake: 6.1.2 (/opt/ros/humble/share/rmw_implementation_cmake/cmake)
[0.682s] -- Found rmw_fastrtps_cpp: 6.2.7 (/opt/ros/humble/share/rmw_fastrtps_cpp/cmake)
[0.762s] -- Found OpenSSL: /usr/lib/x86_64-linux-gnu/libcrypto.so (found version "3.0.2")  
[0.783s] -- Found FastRTPS: /opt/ros/humble/include  
[0.815s] -- Using RMW implementation 'rmw_fastrtps_cpp' as default
[0.826s] -- Looking for pthread.h
[0.889s] -- Looking for pthread.h - found
[0.890s] -- Performing Test CMAKE_HAVE_LIBC_PTHREAD
[0.940s] -- Performing Test CMAKE_HAVE_LIBC_PTHREAD - Success
[0.941s] -- Found Threads: TRUE  
[0.981s] -- Found sensor_msgs: 4.9.0 (/opt/ros/humble/share/sensor_msgs/cmake)
[1.004s] -- Found cv_bridge: 3.2.1 (/opt/ros/humble/share/cv_bridge/cmake)
[1.014s] -- Found OpenCV: /usr (found version "4.5.4") found components: core imgproc highgui 
[1.027s] -- Checking for module 'eigen3'
[1.036s] --   Found eigen3, version 3.4.0
[1.075s] -- Found Eigen: /usr/include/eigen3 (Required is at least version "3.1") 
[1.075s] -- Eigen found (include: /usr/include/eigen3, version: 3.4.0)
[1.097s] -- Found Boost: /usr/lib/x86_64-linux-gnu/cmake/Boost-1.74.0/BoostConfig.cmake (found suitable version "1.74.0", minimum required is "1.65.0") found components: system filesystem date_time iostreams serialization 
[1.141s] -- Checking for module 'libusb-1.0'
[1.150s] --   Found libusb-1.0, version 1.0.25
[1.174s] -- Found libusb: /usr/lib/x86_64-linux-gnu/libusb-1.0.so  
[1.175s] -- Found OpenNI: /usr/lib/libOpenNI.so;libusb::libusb (found version "1.5.4.0") 
[1.175s] -- OpenNI found (version: 1.5.4.0, include: /usr/include/ni, lib: /usr/lib/libOpenNI.so;libusb::libusb)
[1.215s] -- Found OpenNI2: /usr/lib/x86_64-linux-gnu/libOpenNI2.so;libusb::libusb (found version "2.2.0.33") 
[1.215s] -- OpenNI2 found (version: 2.2.0.33, include: /usr/include/openni2, lib: /usr/lib/x86_64-linux-gnu/libOpenNI2.so;libusb::libusb)
[1.215s] [0m** WARNING ** io features related to pcap will be disabled[0m
[1.215s] [0m** WARNING ** io features related to png will be disabled[0m
[1.243s] -- Found GLEW: /usr/lib/x86_64-linux-gnu/libGLEW.so  
[1.248s] -- Found OpenGL: /usr/lib/x86_64-linux-gnu/libOpenGL.so  found components: OpenGL GLX 
[1.364s] -- Found MPI_C: /usr/lib/x86_64-linux-gnu/libmpi.so (found version "3.1") 
[1.364s] -- Found MPI: TRUE (found version "3.1") found components: C 
[1.366s] -- Found JsonCpp: /usr/lib/x86_64-linux-gnu/libjsoncpp.so (found suitable version "1.9.5", minimum required is "0.7.0") 
[1.371s] -- Found ZLIB: /usr/lib/x86_64-linux-gnu/libz.so (found version "1.2.11") 
[1.380s] -- Found PNG: /usr/lib/x86_64-linux-gnu/libpng.so (found version "1.6.37") 
[1.396s] -- Found Eigen3: /usr/include/eigen3 (found version "3.4.0") 
[1.472s] -- Found X11: /usr/include   
[1.473s] -- Looking for XOpenDisplay in /usr/lib/x86_64-linux-gnu/libX11.so;/usr/lib/x86_64-linux-gnu/libXext.so
[1.538s] -- Looking for XOpenDisplay in /usr/lib/x86_64-linux-gnu/libX11.so;/usr/lib/x86_64-linux-gnu/libXext.so - found
[1.538s] -- Looking for gethostbyname
[1.588s] -- Looking for gethostbyname - found
[1.588s] -- Looking for connect
[1.637s] -- Looking for connect - found
[1.637s] -- Looking for remove
[1.690s] -- Looking for remove - found
[1.690s] -- Looking for shmat
[1.764s] -- Looking for shmat - found
[1.764s] -- Looking for IceConnectionNumber in ICE
[1.828s] -- Looking for IceConnectionNumber in ICE - found
[1.884s] -- Found EXPAT: /usr/lib/x86_64-linux-gnu/libexpat.so (found version "2.4.7") 
[1.886s] -- Found double-conversion: /usr/lib/x86_64-linux-gnu/libdouble-conversion.so  
[1.888s] -- Found LZ4: /usr/lib/x86_64-linux-gnu/liblz4.so (found version "1.9.3") 
[1.890s] -- Found LZMA: /usr/lib/x86_64-linux-gnu/liblzma.so (found version "5.2.5") 
[1.927s] -- Found JPEG: /usr/lib/x86_64-linux-gnu/libjpeg.so (found version "80") 
[1.929s] -- Found TIFF: /usr/lib/x86_64-linux-gnu/libtiff.so (found version "4.3.0")  
[1.932s] -- Found Freetype: /usr/lib/x86_64-linux-gnu/libfreetype.so (found version "2.11.1") 
[1.936s] -- Found utf8cpp: /usr/include/utf8cpp  
[1.963s] -- Eigen found (include: /usr/include/eigen3, version: 3.4.0)
[1.974s] -- Checking for module 'flann'
[1.984s] --   Found flann, version 1.9.1
[2.035s] -- Found FLANN: /usr/lib/x86_64-linux-gnu/libflann_cpp.so  
[2.035s] -- FLANN found (include: /usr/include, lib: /usr/lib/x86_64-linux-gnu/libflann_cpp.so)
[2.200s] -- looking for PCL_COMMON
[2.200s] -- Found PCL_COMMON: /usr/lib/x86_64-linux-gnu/libpcl_common.so  
[2.200s] -- looking for PCL_OCTREE
[2.201s] -- Found PCL_OCTREE: /usr/lib/x86_64-linux-gnu/libpcl_octree.so  
[2.201s] -- looking for PCL_IO
[2.201s] -- Found PCL_IO: /usr/lib/x86_64-linux-gnu/libpcl_io.so  
[2.201s] -- looking for PCL_KDTREE
[2.201s] -- Found PCL_KDTREE: /usr/lib/x86_64-linux-gnu/libpcl_kdtree.so  
[2.202s] -- looking for PCL_SEARCH
[2.202s] -- Found PCL_SEARCH: /usr/lib/x86_64-linux-gnu/libpcl_search.so  
[2.202s] -- looking for PCL_SAMPLE_CONSENSUS
[2.202s] -- Found PCL_SAMPLE_CONSENSUS: /usr/lib/x86_64-linux-gnu/libpcl_sample_consensus.so  
[2.203s] -- looking for PCL_FILTERS
[2.203s] -- Found PCL_FILTERS: /usr/lib/x86_64-linux-gnu/libpcl_filters.so  
[2.203s] -- looking for PCL_GEOMETRY
[2.203s] -- Found PCL_GEOMETRY: /usr/include/pcl-1.12  
[2.203s] -- looking for PCL_2D
[2.203s] -- Found PCL_2D: /usr/include/pcl-1.12  
[2.203s] -- looking for PCL_FEATURES
[2.204s] -- Found PCL_FEATURES: /usr/lib/x86_64-linux-gnu/libpcl_features.so  
[2.204s] -- looking for PCL_ML
[2.204s] -- Found PCL_ML: /usr/lib/x86_64-linux-gnu/libpcl_ml.so  
[2.204s] -- looking for PCL_SEGMENTATION
[2.205s] -- Found PCL_SEGMENTATION: /usr/lib/x86_64-linux-gnu/libpcl_segmentation.so  
[2.205s] -- Found PCL: pcl_common;pcl_octree;pcl_io;pcl_kdtree;pcl_search;pcl_sample_consensus;pcl_filters;pcl_features;pcl_ml;pcl_segmentation;Boost::system;Boost::filesystem;Boost::date_time;Boost::iostreams;Boost::serialization;/usr/lib/libOpenNI.so;libusb::libusb;/usr/lib/x86_64-linux-gnu/libOpenNI2.so;libusb::libusb;VTK::ChartsCore;VTK::CommonColor;VTK::CommonComputationalGeometry;VTK::CommonCore;VTK::CommonDataModel;VTK::CommonExecutionModel;VTK::CommonMath;VTK::CommonMisc;VTK::CommonTransforms;VTK::FiltersCore;VTK::FiltersExtraction;VTK::FiltersGeneral;VTK::FiltersGeometry;VTK::FiltersModeling;VTK::FiltersSources;VTK::ImagingCore;VTK::ImagingSources;VTK::InteractionImage;VTK::InteractionStyle;VTK::InteractionWidgets;VTK::IOCore;VTK::IOGeometry;VTK::IOImage;VTK::IOLegacy;VTK::IOPLY;VTK::RenderingAnnotation;VTK::RenderingCore;VTK::RenderingContext2D;VTK::RenderingLOD;VTK::RenderingFreeType;VTK::ViewsCore;VTK::ViewsContext2D;VTK::RenderingOpenGL2;VTK::GUISupportQt;FLANN::FLANN  
[2.206s] -- Found pcl_conversions: 2.4.5 (/opt/ros/humble/share/pcl_conversions/cmake)
[2.228s] -- Found image_transport: 3.1.12 (/opt/ros/humble/share/image_transport/cmake)
[2.450s] -- Found OpenMP_C: -fopenmp (found version "4.5") 
[2.522s] -- Found OpenMP_CXX: -fopenmp (found version "4.5") 
[2.522s] -- Found OpenMP: TRUE (found version "4.5")  
[2.580s] -- Configuring done
[2.638s] -- Generating done
[2.648s] -- Build files have been written to: /workspace/farm_car_system/build/obs_filiter
[2.657s] Invoked command in '/workspace/farm_car_system/build/obs_filiter' returned '0': CMAKE_PREFIX_PATH=/opt/ros/humble /usr/bin/cmake /workspace/farm_car_system/src/obs_filiter -DCMAKE_INSTALL_PREFIX=/workspace/farm_car_system/install/obs_filiter
[2.659s] Invoking command in '/workspace/farm_car_system/build/obs_filiter': CMAKE_PREFIX_PATH=/opt/ros/humble /usr/bin/cmake --build /workspace/farm_car_system/build/obs_filiter -- -j20 -l20
[2.695s] [ 12%] [32mBuilding CXX object CMakeFiles/xz_visualizer_node.dir/src/xz_visualizer_node.cpp.o[0m
[2.695s] [ 25%] [32mBuilding CXX object CMakeFiles/obstacle_node.dir/src/obstacle_detector.cpp.o[0m
[2.695s] [ 37%] [32mBuilding CXX object CMakeFiles/plane_node.dir/src/plane.cpp.o[0m
[2.696s] [ 50%] [32mBuilding CXX object CMakeFiles/realsense_read_node.dir/src/realsense_read.cpp.o[0m
[7.982s] [ 62%] [32m[1mLinking CXX executable realsense_read_node[0m
[8.552s] [ 62%] Built target realsense_read_node
[13.029s] [ 75%] [32m[1mLinking CXX executable xz_visualizer_node[0m
[13.483s] [ 75%] Built target xz_visualizer_node
[13.633s] [ 87%] [32m[1mLinking CXX executable plane_node[0m
[14.305s] [ 87%] Built target plane_node
[18.233s] [100%] [32m[1mLinking CXX executable obstacle_node[0m
[18.593s] [100%] Built target obstacle_node
[18.605s] Invoked command in '/workspace/farm_car_system/build/obs_filiter' returned '0': CMAKE_PREFIX_PATH=/opt/ros/humble /usr/bin/cmake --build /workspace/farm_car_system/build/obs_filiter -- -j20 -l20
[18.611s] Invoking command in '/workspace/farm_car_system/build/obs_filiter': CMAKE_PREFIX_PATH=/opt/ros/humble /usr/bin/cmake --install /workspace/farm_car_system/build/obs_filiter
[18.616s] -- Install configuration: ""
[18.616s] -- Installing: /workspace/farm_car_system/install/obs_filiter/lib/obs_filiter/realsense_read_node
[18.616s] -- Set runtime path of "/workspace/farm_car_system/install/obs_filiter/lib/obs_filiter/realsense_read_node" to ""
[18.616s] -- Installing: /workspace/farm_car_system/install/obs_filiter/lib/obs_filiter/plane_node
[18.616s] -- Set runtime path of "/workspace/farm_car_system/install/obs_filiter/lib/obs_filiter/plane_node" to ""
[18.616s] -- Installing: /workspace/farm_car_system/install/obs_filiter/lib/obs_filiter/obstacle_node
[18.617s] -- Set runtime path of "/workspace/farm_car_system/install/obs_filiter/lib/obs_filiter/obstacle_node" to ""
[18.617s] -- Installing: /workspace/farm_car_system/install/obs_filiter/lib/obs_filiter/xz_visualizer_node
[18.618s] -- Set runtime path of "/workspace/farm_car_system/install/obs_filiter/lib/obs_filiter/xz_visualizer_node" to ""
[18.618s] -- Installing: /workspace/farm_car_system/install/obs_filiter/include/obs_filiter
[18.618s] -- Installing: /workspace/farm_car_system/install/obs_filiter/include/obs_filiter/obs_filiter
[18.618s] -- Installing: /workspace/farm_car_system/install/obs_filiter/include/obs_filiter/obs_filiter/visualization.hpp
[18.618s] -- Installing: /workspace/farm_car_system/install/obs_filiter/include/obs_filiter/obs_filiter/plane_estimator.hpp
[18.618s] -- Installing: /workspace/farm_car_system/install/obs_filiter/include/obs_filiter/obs_filiter/obstacle_detector.hpp
[18.618s] -- Installing: /workspace/farm_car_system/install/obs_filiter/share/obs_filiter//launch
[18.618s] -- Installing: /workspace/farm_car_system/install/obs_filiter/share/obs_filiter//launch/obs_filiter_launch.py
[18.618s] -- Installing: /workspace/farm_car_system/install/obs_filiter/share/ament_index/resource_index/package_run_dependencies/obs_filiter
[18.618s] -- Installing: /workspace/farm_car_system/install/obs_filiter/share/ament_index/resource_index/parent_prefix_path/obs_filiter
[18.618s] -- Installing: /workspace/farm_car_system/install/obs_filiter/share/obs_filiter/environment/ament_prefix_path.sh
[18.618s] -- Installing: /workspace/farm_car_system/install/obs_filiter/share/obs_filiter/environment/ament_prefix_path.dsv
[18.618s] -- Installing: /workspace/farm_car_system/install/obs_filiter/share/obs_filiter/environment/path.sh
[18.618s] -- Installing: /workspace/farm_car_system/install/obs_filiter/share/obs_filiter/environment/path.dsv
[18.618s] -- Installing: /workspace/farm_car_system/install/obs_filiter/share/obs_filiter/local_setup.bash
[18.618s] -- Installing: /workspace/farm_car_system/install/obs_filiter/share/obs_filiter/local_setup.sh
[18.618s] -- Installing: /workspace/farm_car_system/install/obs_filiter/share/obs_filiter/local_setup.zsh
[18.618s] -- Installing: /workspace/farm_car_system/install/obs_filiter/share/obs_filiter/local_setup.dsv
[18.618s] -- Installing: /workspace/farm_car_system/install/obs_filiter/share/obs_filiter/package.dsv
[18.618s] -- Installing: /workspace/farm_car_system/install/obs_filiter/share/ament_index/resource_index/packages/obs_filiter
[18.618s] -- Installing: /workspace/farm_car_system/install/obs_filiter/share/obs_filiter/cmake/obs_filiterConfig.cmake
[18.618s] -- Installing: /workspace/farm_car_system/install/obs_filiter/share/obs_filiter/cmake/obs_filiterConfig-version.cmake
[18.619s] -- Installing: /workspace/farm_car_system/install/obs_filiter/share/obs_filiter/package.xml
[18.620s] Invoked command in '/workspace/farm_car_system/build/obs_filiter' returned '0': CMAKE_PREFIX_PATH=/opt/ros/humble /usr/bin/cmake --install /workspace/farm_car_system/build/obs_filiter
