/workspace/farm_car_system/install/track/lib/python3.10/site-packages/track/bytetrack copy.py
/workspace/farm_car_system/install/track/lib/python3.10/site-packages/track/matching.py
/workspace/farm_car_system/install/track/lib/python3.10/site-packages/track/__init__.py
/workspace/farm_car_system/install/track/lib/python3.10/site-packages/track/depth_calculate_person.py
/workspace/farm_car_system/install/track/lib/python3.10/site-packages/track/kalman_filter.py
/workspace/farm_car_system/install/track/lib/python3.10/site-packages/track/recognize.py
/workspace/farm_car_system/install/track/lib/python3.10/site-packages/track/depth.py
/workspace/farm_car_system/install/track/lib/python3.10/site-packages/track/byte_tracker.py
/workspace/farm_car_system/install/track/lib/python3.10/site-packages/track/track_point_sub.py
/workspace/farm_car_system/install/track/lib/python3.10/site-packages/track/detect.py
/workspace/farm_car_system/install/track/lib/python3.10/site-packages/track/byte_old.py
/workspace/farm_car_system/install/track/lib/python3.10/site-packages/track/basetrack.py
/workspace/farm_car_system/install/track/lib/python3.10/site-packages/track/open_rs.py
/workspace/farm_car_system/install/track/lib/python3.10/site-packages/track/test.py
/workspace/farm_car_system/install/track/lib/python3.10/site-packages/track/track.py
/workspace/farm_car_system/install/track/lib/python3.10/site-packages/track/bytetrack.py
/workspace/farm_car_system/install/track/lib/python3.10/site-packages/track/2Dvisual.py
/workspace/farm_car_system/install/track/lib/python3.10/site-packages/track/__pycache__/bytetrack copy.cpython-310.pyc
/workspace/farm_car_system/install/track/lib/python3.10/site-packages/track/__pycache__/matching.cpython-310.pyc
/workspace/farm_car_system/install/track/lib/python3.10/site-packages/track/__pycache__/__init__.cpython-310.pyc
/workspace/farm_car_system/install/track/lib/python3.10/site-packages/track/__pycache__/depth_calculate_person.cpython-310.pyc
/workspace/farm_car_system/install/track/lib/python3.10/site-packages/track/__pycache__/kalman_filter.cpython-310.pyc
/workspace/farm_car_system/install/track/lib/python3.10/site-packages/track/__pycache__/recognize.cpython-310.pyc
/workspace/farm_car_system/install/track/lib/python3.10/site-packages/track/__pycache__/depth.cpython-310.pyc
/workspace/farm_car_system/install/track/lib/python3.10/site-packages/track/__pycache__/byte_tracker.cpython-310.pyc
/workspace/farm_car_system/install/track/lib/python3.10/site-packages/track/__pycache__/track_point_sub.cpython-310.pyc
/workspace/farm_car_system/install/track/lib/python3.10/site-packages/track/__pycache__/detect.cpython-310.pyc
/workspace/farm_car_system/install/track/lib/python3.10/site-packages/track/__pycache__/byte_old.cpython-310.pyc
/workspace/farm_car_system/install/track/lib/python3.10/site-packages/track/__pycache__/basetrack.cpython-310.pyc
/workspace/farm_car_system/install/track/lib/python3.10/site-packages/track/__pycache__/open_rs.cpython-310.pyc
/workspace/farm_car_system/install/track/lib/python3.10/site-packages/track/__pycache__/test.cpython-310.pyc
/workspace/farm_car_system/install/track/lib/python3.10/site-packages/track/__pycache__/track.cpython-310.pyc
/workspace/farm_car_system/install/track/lib/python3.10/site-packages/track/__pycache__/bytetrack.cpython-310.pyc
/workspace/farm_car_system/install/track/lib/python3.10/site-packages/track/__pycache__/2Dvisual.cpython-310.pyc
/workspace/farm_car_system/install/track/share/ament_index/resource_index/packages/track
/workspace/farm_car_system/install/track/share/track/package.xml
/workspace/farm_car_system/install/track/lib/python3.10/site-packages/track-0.0.0-py3.10.egg-info/requires.txt
/workspace/farm_car_system/install/track/lib/python3.10/site-packages/track-0.0.0-py3.10.egg-info/top_level.txt
/workspace/farm_car_system/install/track/lib/python3.10/site-packages/track-0.0.0-py3.10.egg-info/entry_points.txt
/workspace/farm_car_system/install/track/lib/python3.10/site-packages/track-0.0.0-py3.10.egg-info/zip-safe
/workspace/farm_car_system/install/track/lib/python3.10/site-packages/track-0.0.0-py3.10.egg-info/PKG-INFO
/workspace/farm_car_system/install/track/lib/python3.10/site-packages/track-0.0.0-py3.10.egg-info/dependency_links.txt
/workspace/farm_car_system/install/track/lib/python3.10/site-packages/track-0.0.0-py3.10.egg-info/SOURCES.txt
/workspace/farm_car_system/install/track/lib/track/2Dvisual
/workspace/farm_car_system/install/track/lib/track/byte_old
/workspace/farm_car_system/install/track/lib/track/bytetrack
/workspace/farm_car_system/install/track/lib/track/depth_calculate_person
/workspace/farm_car_system/install/track/lib/track/open_rs
/workspace/farm_car_system/install/track/lib/track/test
/workspace/farm_car_system/install/track/lib/track/track_point_sub
