running egg_info
creating ../../build/record/record.egg-info
writing ../../build/record/record.egg-info/PKG-INFO
writing dependency_links to ../../build/record/record.egg-info/dependency_links.txt
writing entry points to ../../build/record/record.egg-info/entry_points.txt
writing requirements to ../../build/record/record.egg-info/requires.txt
writing top-level names to ../../build/record/record.egg-info/top_level.txt
writing manifest file '../../build/record/record.egg-info/SOURCES.txt'
reading manifest file '../../build/record/record.egg-info/SOURCES.txt'
writing manifest file '../../build/record/record.egg-info/SOURCES.txt'
running build
running build_py
creating /workspace/farm_car_system/build/record/build
creating /workspace/farm_car_system/build/record/build/lib
creating /workspace/farm_car_system/build/record/build/lib/record
copying record/record_node.py -> /workspace/farm_car_system/build/record/build/lib/record
copying record/__init__.py -> /workspace/farm_car_system/build/record/build/lib/record
running install
running install_lib
creating /workspace/farm_car_system/install/record/lib/python3.10/site-packages/record
copying /workspace/farm_car_system/build/record/build/lib/record/record_node.py -> /workspace/farm_car_system/install/record/lib/python3.10/site-packages/record
copying /workspace/farm_car_system/build/record/build/lib/record/__init__.py -> /workspace/farm_car_system/install/record/lib/python3.10/site-packages/record
byte-compiling /workspace/farm_car_system/install/record/lib/python3.10/site-packages/record/record_node.py to record_node.cpython-310.pyc
byte-compiling /workspace/farm_car_system/install/record/lib/python3.10/site-packages/record/__init__.py to __init__.cpython-310.pyc
running install_data
creating /workspace/farm_car_system/install/record/share/ament_index
creating /workspace/farm_car_system/install/record/share/ament_index/resource_index
creating /workspace/farm_car_system/install/record/share/ament_index/resource_index/packages
copying resource/record -> /workspace/farm_car_system/install/record/share/ament_index/resource_index/packages
copying package.xml -> /workspace/farm_car_system/install/record/share/record
running install_egg_info
Copying ../../build/record/record.egg-info to /workspace/farm_car_system/install/record/lib/python3.10/site-packages/record-0.0.0-py3.10.egg-info
running install_scripts
Installing record_node script to /workspace/farm_car_system/install/record/lib/record
writing list of installed files to '/workspace/farm_car_system/build/record/install.log'
