[0.637s] Invoking command in '/workspace/farm_car_system/src/record': PYTHONPATH=/workspace/farm_car_system/build/record/prefix_override:/usr/lib/python3/dist-packages/colcon_core/task/python/colcon_distutils_commands:/workspace/farm_car_system/install/record/lib/python3.10/site-packages:${PYTHONPATH} /usr/bin/python3 -W ignore:setup.py install is deprecated -W ignore:easy_install command is deprecated setup.py egg_info --egg-base ../../build/record build --build-base /workspace/farm_car_system/build/record/build install --record /workspace/farm_car_system/build/record/install.log --single-version-externally-managed install_data
[0.761s] running egg_info
[0.761s] creating ../../build/record/record.egg-info
[0.761s] writing ../../build/record/record.egg-info/PKG-INFO
[0.762s] writing dependency_links to ../../build/record/record.egg-info/dependency_links.txt
[0.762s] writing entry points to ../../build/record/record.egg-info/entry_points.txt
[0.762s] writing requirements to ../../build/record/record.egg-info/requires.txt
[0.762s] writing top-level names to ../../build/record/record.egg-info/top_level.txt
[0.762s] writing manifest file '../../build/record/record.egg-info/SOURCES.txt'
[0.763s] reading manifest file '../../build/record/record.egg-info/SOURCES.txt'
[0.763s] writing manifest file '../../build/record/record.egg-info/SOURCES.txt'
[0.763s] running build
[0.763s] running build_py
[0.763s] creating /workspace/farm_car_system/build/record/build
[0.764s] creating /workspace/farm_car_system/build/record/build/lib
[0.764s] creating /workspace/farm_car_system/build/record/build/lib/record
[0.764s] copying record/record_node.py -> /workspace/farm_car_system/build/record/build/lib/record
[0.764s] copying record/__init__.py -> /workspace/farm_car_system/build/record/build/lib/record
[0.764s] running install
[0.764s] running install_lib
[0.765s] creating /workspace/farm_car_system/install/record/lib/python3.10/site-packages/record
[0.765s] copying /workspace/farm_car_system/build/record/build/lib/record/record_node.py -> /workspace/farm_car_system/install/record/lib/python3.10/site-packages/record
[0.765s] copying /workspace/farm_car_system/build/record/build/lib/record/__init__.py -> /workspace/farm_car_system/install/record/lib/python3.10/site-packages/record
[0.765s] byte-compiling /workspace/farm_car_system/install/record/lib/python3.10/site-packages/record/record_node.py to record_node.cpython-310.pyc
[0.766s] byte-compiling /workspace/farm_car_system/install/record/lib/python3.10/site-packages/record/__init__.py to __init__.cpython-310.pyc
[0.766s] running install_data
[0.766s] creating /workspace/farm_car_system/install/record/share/ament_index
[0.766s] creating /workspace/farm_car_system/install/record/share/ament_index/resource_index
[0.766s] creating /workspace/farm_car_system/install/record/share/ament_index/resource_index/packages
[0.767s] copying resource/record -> /workspace/farm_car_system/install/record/share/ament_index/resource_index/packages
[0.767s] copying package.xml -> /workspace/farm_car_system/install/record/share/record
[0.767s] running install_egg_info
[0.768s] Copying ../../build/record/record.egg-info to /workspace/farm_car_system/install/record/lib/python3.10/site-packages/record-0.0.0-py3.10.egg-info
[0.768s] running install_scripts
[0.781s] Installing record_node script to /workspace/farm_car_system/install/record/lib/record
[0.781s] writing list of installed files to '/workspace/farm_car_system/build/record/install.log'
[0.799s] Invoked command in '/workspace/farm_car_system/src/record' returned '0': PYTHONPATH=/workspace/farm_car_system/build/record/prefix_override:/usr/lib/python3/dist-packages/colcon_core/task/python/colcon_distutils_commands:/workspace/farm_car_system/install/record/lib/python3.10/site-packages:${PYTHONPATH} /usr/bin/python3 -W ignore:setup.py install is deprecated -W ignore:easy_install command is deprecated setup.py egg_info --egg-base ../../build/record build --build-base /workspace/farm_car_system/build/record/build install --record /workspace/farm_car_system/build/record/install.log --single-version-externally-managed install_data
