[0.640s] Invoking command in '/workspace/farm_car_system/src/track': PYTHONPATH=/workspace/farm_car_system/build/track/prefix_override:/usr/lib/python3/dist-packages/colcon_core/task/python/colcon_distutils_commands:/workspace/farm_car_system/install/track/lib/python3.10/site-packages:${PYTHONPATH} /usr/bin/python3 -W ignore:setup.py install is deprecated -W ignore:easy_install command is deprecated setup.py egg_info --egg-base ../../build/track build --build-base /workspace/farm_car_system/build/track/build install --record /workspace/farm_car_system/build/track/install.log --single-version-externally-managed install_data
[0.766s] running egg_info
[0.766s] creating ../../build/track/track.egg-info
[0.766s] writing ../../build/track/track.egg-info/PKG-INFO
[0.766s] writing dependency_links to ../../build/track/track.egg-info/dependency_links.txt
[0.766s] writing entry points to ../../build/track/track.egg-info/entry_points.txt
[0.766s] writing requirements to ../../build/track/track.egg-info/requires.txt
[0.766s] writing top-level names to ../../build/track/track.egg-info/top_level.txt
[0.766s] writing manifest file '../../build/track/track.egg-info/SOURCES.txt'
[0.767s] reading manifest file '../../build/track/track.egg-info/SOURCES.txt'
[0.767s] writing manifest file '../../build/track/track.egg-info/SOURCES.txt'
[0.768s] running build
[0.768s] running build_py
[0.768s] creating /workspace/farm_car_system/build/track/build
[0.768s] creating /workspace/farm_car_system/build/track/build/lib
[0.768s] creating /workspace/farm_car_system/build/track/build/lib/track
[0.768s] copying track/bytetrack copy.py -> /workspace/farm_car_system/build/track/build/lib/track
[0.768s] copying track/matching.py -> /workspace/farm_car_system/build/track/build/lib/track
[0.768s] copying track/__init__.py -> /workspace/farm_car_system/build/track/build/lib/track
[0.768s] copying track/depth_calculate_person.py -> /workspace/farm_car_system/build/track/build/lib/track
[0.768s] copying track/kalman_filter.py -> /workspace/farm_car_system/build/track/build/lib/track
[0.768s] copying track/recognize.py -> /workspace/farm_car_system/build/track/build/lib/track
[0.769s] copying track/depth.py -> /workspace/farm_car_system/build/track/build/lib/track
[0.769s] copying track/byte_tracker.py -> /workspace/farm_car_system/build/track/build/lib/track
[0.769s] copying track/track_point_sub.py -> /workspace/farm_car_system/build/track/build/lib/track
[0.769s] copying track/detect.py -> /workspace/farm_car_system/build/track/build/lib/track
[0.769s] copying track/byte_old.py -> /workspace/farm_car_system/build/track/build/lib/track
[0.769s] copying track/basetrack.py -> /workspace/farm_car_system/build/track/build/lib/track
[0.769s] copying track/open_rs.py -> /workspace/farm_car_system/build/track/build/lib/track
[0.769s] copying track/test.py -> /workspace/farm_car_system/build/track/build/lib/track
[0.769s] copying track/track.py -> /workspace/farm_car_system/build/track/build/lib/track
[0.769s] copying track/bytetrack.py -> /workspace/farm_car_system/build/track/build/lib/track
[0.769s] copying track/2Dvisual.py -> /workspace/farm_car_system/build/track/build/lib/track
[0.769s] running install
[0.769s] running install_lib
[0.769s] creating /workspace/farm_car_system/install/track/lib/python3.10/site-packages/track
[0.769s] copying /workspace/farm_car_system/build/track/build/lib/track/bytetrack copy.py -> /workspace/farm_car_system/install/track/lib/python3.10/site-packages/track
[0.769s] copying /workspace/farm_car_system/build/track/build/lib/track/matching.py -> /workspace/farm_car_system/install/track/lib/python3.10/site-packages/track
[0.769s] copying /workspace/farm_car_system/build/track/build/lib/track/__init__.py -> /workspace/farm_car_system/install/track/lib/python3.10/site-packages/track
[0.769s] copying /workspace/farm_car_system/build/track/build/lib/track/depth_calculate_person.py -> /workspace/farm_car_system/install/track/lib/python3.10/site-packages/track
[0.769s] copying /workspace/farm_car_system/build/track/build/lib/track/kalman_filter.py -> /workspace/farm_car_system/install/track/lib/python3.10/site-packages/track
[0.769s] copying /workspace/farm_car_system/build/track/build/lib/track/recognize.py -> /workspace/farm_car_system/install/track/lib/python3.10/site-packages/track
[0.769s] copying /workspace/farm_car_system/build/track/build/lib/track/depth.py -> /workspace/farm_car_system/install/track/lib/python3.10/site-packages/track
[0.769s] copying /workspace/farm_car_system/build/track/build/lib/track/byte_tracker.py -> /workspace/farm_car_system/install/track/lib/python3.10/site-packages/track
[0.769s] copying /workspace/farm_car_system/build/track/build/lib/track/track_point_sub.py -> /workspace/farm_car_system/install/track/lib/python3.10/site-packages/track
[0.769s] copying /workspace/farm_car_system/build/track/build/lib/track/detect.py -> /workspace/farm_car_system/install/track/lib/python3.10/site-packages/track
[0.770s] copying /workspace/farm_car_system/build/track/build/lib/track/byte_old.py -> /workspace/farm_car_system/install/track/lib/python3.10/site-packages/track
[0.770s] copying /workspace/farm_car_system/build/track/build/lib/track/basetrack.py -> /workspace/farm_car_system/install/track/lib/python3.10/site-packages/track
[0.770s] copying /workspace/farm_car_system/build/track/build/lib/track/open_rs.py -> /workspace/farm_car_system/install/track/lib/python3.10/site-packages/track
[0.770s] copying /workspace/farm_car_system/build/track/build/lib/track/test.py -> /workspace/farm_car_system/install/track/lib/python3.10/site-packages/track
[0.770s] copying /workspace/farm_car_system/build/track/build/lib/track/track.py -> /workspace/farm_car_system/install/track/lib/python3.10/site-packages/track
[0.770s] copying /workspace/farm_car_system/build/track/build/lib/track/bytetrack.py -> /workspace/farm_car_system/install/track/lib/python3.10/site-packages/track
[0.770s] copying /workspace/farm_car_system/build/track/build/lib/track/2Dvisual.py -> /workspace/farm_car_system/install/track/lib/python3.10/site-packages/track
[0.770s] byte-compiling /workspace/farm_car_system/install/track/lib/python3.10/site-packages/track/bytetrack copy.py to bytetrack copy.cpython-310.pyc
[0.772s] byte-compiling /workspace/farm_car_system/install/track/lib/python3.10/site-packages/track/matching.py to matching.cpython-310.pyc
[0.772s] byte-compiling /workspace/farm_car_system/install/track/lib/python3.10/site-packages/track/__init__.py to __init__.cpython-310.pyc
[0.772s] byte-compiling /workspace/farm_car_system/install/track/lib/python3.10/site-packages/track/depth_calculate_person.py to depth_calculate_person.cpython-310.pyc
[0.773s] byte-compiling /workspace/farm_car_system/install/track/lib/python3.10/site-packages/track/kalman_filter.py to kalman_filter.cpython-310.pyc
[0.773s] byte-compiling /workspace/farm_car_system/install/track/lib/python3.10/site-packages/track/recognize.py to recognize.cpython-310.pyc
[0.774s] byte-compiling /workspace/farm_car_system/install/track/lib/python3.10/site-packages/track/depth.py to depth.cpython-310.pyc
[0.774s] byte-compiling /workspace/farm_car_system/install/track/lib/python3.10/site-packages/track/byte_tracker.py to byte_tracker.cpython-310.pyc
[0.775s] byte-compiling /workspace/farm_car_system/install/track/lib/python3.10/site-packages/track/track_point_sub.py to track_point_sub.cpython-310.pyc
[0.775s] byte-compiling /workspace/farm_car_system/install/track/lib/python3.10/site-packages/track/detect.py to detect.cpython-310.pyc
[0.775s] byte-compiling /workspace/farm_car_system/install/track/lib/python3.10/site-packages/track/byte_old.py to byte_old.cpython-310.pyc
[0.777s] byte-compiling /workspace/farm_car_system/install/track/lib/python3.10/site-packages/track/basetrack.py to basetrack.cpython-310.pyc
[0.777s] byte-compiling /workspace/farm_car_system/install/track/lib/python3.10/site-packages/track/open_rs.py to open_rs.cpython-310.pyc
[0.777s] byte-compiling /workspace/farm_car_system/install/track/lib/python3.10/site-packages/track/test.py to test.cpython-310.pyc
[0.778s] byte-compiling /workspace/farm_car_system/install/track/lib/python3.10/site-packages/track/track.py to track.cpython-310.pyc
[0.779s] byte-compiling /workspace/farm_car_system/install/track/lib/python3.10/site-packages/track/bytetrack.py to bytetrack.cpython-310.pyc
[0.780s] byte-compiling /workspace/farm_car_system/install/track/lib/python3.10/site-packages/track/2Dvisual.py to 2Dvisual.cpython-310.pyc
[0.780s] running install_data
[0.780s] creating /workspace/farm_car_system/install/track/share/ament_index
[0.780s] creating /workspace/farm_car_system/install/track/share/ament_index/resource_index
[0.780s] creating /workspace/farm_car_system/install/track/share/ament_index/resource_index/packages
[0.780s] copying resource/track -> /workspace/farm_car_system/install/track/share/ament_index/resource_index/packages
[0.780s] copying package.xml -> /workspace/farm_car_system/install/track/share/track
[0.780s] running install_egg_info
[0.782s] Copying ../../build/track/track.egg-info to /workspace/farm_car_system/install/track/lib/python3.10/site-packages/track-0.0.0-py3.10.egg-info
[0.782s] running install_scripts
[0.797s] Installing 2Dvisual script to /workspace/farm_car_system/install/track/lib/track
[0.797s] Installing byte_old script to /workspace/farm_car_system/install/track/lib/track
[0.797s] Installing bytetrack script to /workspace/farm_car_system/install/track/lib/track
[0.797s] Installing depth_calculate_person script to /workspace/farm_car_system/install/track/lib/track
[0.797s] Installing open_rs script to /workspace/farm_car_system/install/track/lib/track
[0.797s] Installing test script to /workspace/farm_car_system/install/track/lib/track
[0.797s] Installing track_point_sub script to /workspace/farm_car_system/install/track/lib/track
[0.798s] writing list of installed files to '/workspace/farm_car_system/build/track/install.log'
[0.818s] Invoked command in '/workspace/farm_car_system/src/track' returned '0': PYTHONPATH=/workspace/farm_car_system/build/track/prefix_override:/usr/lib/python3/dist-packages/colcon_core/task/python/colcon_distutils_commands:/workspace/farm_car_system/install/track/lib/python3.10/site-packages:${PYTHONPATH} /usr/bin/python3 -W ignore:setup.py install is deprecated -W ignore:easy_install command is deprecated setup.py egg_info --egg-base ../../build/track build --build-base /workspace/farm_car_system/build/track/build install --record /workspace/farm_car_system/build/track/install.log --single-version-externally-managed install_data
